#
# A fatal error has been detected by the Java Runtime Environment:
#
#  EXCEPTION_ACCESS_VIOLATION (0xc0000005) at pc=0x000000006fb9ef05, pid=9072, tid=0x0000000000000f80
#
# JRE version: Java(TM) SE Runtime Environment (8.0_121-b13) (build 1.8.0_121-b13)
# Java VM: Java HotSpot(TM) 64-Bit Server VM (25.121-b13 mixed mode windows-amd64 compressed oops)
# Problematic frame:
# V  [jvm.dll+0x13ef05]
#
# Failed to write core dump. Minidumps are not enabled by default on client versions of Windows
#
# If you would like to submit a bug report, please visit:
#   http://bugreport.java.com/bugreport/crash.jsp
#

---------------  T H R E A D  ---------------

Current thread (0x000000005b939000):  JavaThread "Test worker" [_thread_in_vm, id=3968, stack(0x000000005c7c0000,0x000000005c8c0000)]

siginfo: ExceptionCode=0xc0000005, reading address 0x0000000000000000

Registers:
RAX=0x0000000000000000, RBX=0x000000005b939000, RCX=0x0000000000000900, RDX=0x0000000000000000
RSP=0x000000005c8bb500, RBP=0x000000005c8bb748, RSI=0x000000005b9391f8, RDI=0x0000000000000000
R8 =0xfffffffffdf9e660, R9 =0x00000000020619cf, R10=0x000000000000002f, R11=0x000000000000002f
R12=0x000000005c8bb750, R13=0x0000000000000000, R14=0x0000000000000000, R15=0x0000000000000000
RIP=0x000000006fb9ef05, EFLAGS=0x0000000000010202

Top of Stack: (sp=0x000000005c8bb500)
0x000000005c8bb500:   00000000020619a0 000000005b939000
0x000000005c8bb510:   000000005c8bb748 0000000000000000
0x000000005c8bb520:   000000005b939000 0000000000000000
0x000000005c8bb530:   0000000000000000 0000000002064bd0
0x000000005c8bb540:   000000005b9a6d40 0000000002064c47
0x000000005c8bb550:   000000005b9391f8 000000005c8bb748
0x000000005c8bb560:   0000000000000000 000000005b33bec0
0x000000005c8bb570:   0000000061848550 000000005c8bb750
0x000000005c8bb580:   000000005b348800 000000006fb1b616
0x000000005c8bb590:   000000005c8be398 0000000058cdfbf0
0x000000005c8bb5a0:   00000000000003d8 0000000058cdfc00
0x000000005c8bb5b0:   0000000000000000 0000000000000000
0x000000005c8bb5c0:   0000000000000000 0000000000000000
0x000000005c8bb5d0:   0000000000000000 00000000026c7de6
0x000000005c8bb5e0:   000000005b939000 000000005c8bb750
0x000000005c8bb5f0:   0000000061848550 0000000000000000 

Instructions: (pc=0x000000006fb9ef05)
0x000000006fb9eee5:   89 5c 24 20 48 c7 44 24 28 00 00 00 00 74 0a 48
0x000000006fb9eef5:   8d 4c 24 20 e8 c2 ca 13 00 80 3d 6c d4 6c 00 00
0x000000006fb9ef05:   48 8b 17 74 15 8b 52 08 8b 0d 95 08 66 00 48 d3
0x000000006fb9ef15:   e2 48 03 15 83 08 66 00 eb 04 48 8b 52 08 48 8b 


Register to memory mapping:

RAX=0x0000000000000000 is an unknown value
RBX=0x000000005b939000 is a thread
RCX=0x0000000000000900 is an unknown value
RDX=0x0000000000000000 is an unknown value
RSP=0x000000005c8bb500 is pointing into the stack for thread: 0x000000005b939000
RBP=0x000000005c8bb748 is pointing into the stack for thread: 0x000000005b939000
RSI=0x000000005b9391f8 is an unknown value
RDI=0x0000000000000000 is an unknown value
R8 =0xfffffffffdf9e660 is an unknown value
R9 =0x00000000020619cf is an unknown value
R10=0x000000000000002f is an unknown value
R11=0x000000000000002f is an unknown value
R12=0x000000005c8bb750 is pointing into the stack for thread: 0x000000005b939000
R13=0x0000000000000000 is an unknown value
R14=0x0000000000000000 is an unknown value
R15=0x0000000000000000 is an unknown value


Stack: [0x000000005c7c0000,0x000000005c8c0000],  sp=0x000000005c8bb500,  free space=1005k
Native frames: (J=compiled Java code, j=interpreted, Vv=VM code, C=native code)
V  [jvm.dll+0x13ef05]
C  [sqljdbc_auth.dll+0x4c47]
C  0x00000000026c7f54

Java frames: (J=compiled Java code, j=interpreted, Vv=VM code)
j  com.microsoft.sqlserver.jdbc.AuthenticationJNI.SNISecGenClientContext([B[I[BI[B[I[ZLjava/lang/String;ILjava/lang/String;Ljava/lang/String;Ljava/util/logging/Logger;)I+0
j  com.microsoft.sqlserver.jdbc.AuthenticationJNI.GenerateClientContext([B[Z)[B+68
j  com.microsoft.sqlserver.jdbc.SQLServerConnection.sendLogon(Lcom/microsoft/sqlserver/jdbc/SQLServerConnection$LogonCommand;Lcom/microsoft/sqlserver/jdbc/SSPIAuthentication;)V+183
j  com.microsoft.sqlserver.jdbc.SQLServerConnection.logon(Lcom/microsoft/sqlserver/jdbc/SQLServerConnection$LogonCommand;)V+85
j  com.microsoft.sqlserver.jdbc.SQLServerConnection.access$100(Lcom/microsoft/sqlserver/jdbc/SQLServerConnection;Lcom/microsoft/sqlserver/jdbc/SQLServerConnection$LogonCommand;)V+2
j  com.microsoft.sqlserver.jdbc.SQLServerConnection$LogonCommand.doExecute()Z+5
j  com.microsoft.sqlserver.jdbc.TDSCommand.execute(Lcom/microsoft/sqlserver/jdbc/TDSWriter;Lcom/microsoft/sqlserver/jdbc/TDSReader;)Z+30
j  com.microsoft.sqlserver.jdbc.SQLServerConnection.executeCommand(Lcom/microsoft/sqlserver/jdbc/TDSCommand;)Z+45
j  com.microsoft.sqlserver.jdbc.SQLServerConnection.connectHelper(Lcom/microsoft/sqlserver/jdbc/ServerPortPlaceHolder;IIZ)V+216
j  com.microsoft.sqlserver.jdbc.SQLServerConnection.login(Ljava/lang/String;Ljava/lang/String;ILjava/lang/String;Lcom/microsoft/sqlserver/jdbc/FailoverInfo;IJ)V+469
j  com.microsoft.sqlserver.jdbc.SQLServerConnection.connectInternal(Ljava/util/Properties;Lcom/microsoft/sqlserver/jdbc/SQLServerPooledConnection;)Ljava/sql/Connection;+2084
j  com.microsoft.sqlserver.jdbc.SQLServerConnection.connect(Ljava/util/Properties;Lcom/microsoft/sqlserver/jdbc/SQLServerPooledConnection;)Ljava/sql/Connection;+13
j  com.microsoft.sqlserver.jdbc.SQLServerDriver.connect(Ljava/lang/String;Ljava/util/Properties;)Ljava/sql/Connection;+45
j  org.apache.tomcat.jdbc.pool.PooledConnection.connectUsingDriver()V+370
j  org.apache.tomcat.jdbc.pool.PooledConnection.connect()V+91
j  org.apache.tomcat.jdbc.pool.ConnectionPool.createConnection(JLorg/apache/tomcat/jdbc/pool/PooledConnection;Ljava/lang/String;Ljava/lang/String;)Lorg/apache/tomcat/jdbc/pool/PooledConnection;+53
j  org.apache.tomcat.jdbc.pool.ConnectionPool.borrowConnection(ILjava/lang/String;Ljava/lang/String;)Lorg/apache/tomcat/jdbc/pool/PooledConnection;+118
j  org.apache.tomcat.jdbc.pool.ConnectionPool.init(Lorg/apache/tomcat/jdbc/pool/PoolConfiguration;)V+268
j  org.apache.tomcat.jdbc.pool.ConnectionPool.<init>(Lorg/apache/tomcat/jdbc/pool/PoolConfiguration;)V+80
j  org.apache.tomcat.jdbc.pool.DataSourceProxy.pCreatePool()Lorg/apache/tomcat/jdbc/pool/ConnectionPool;+21
j  org.apache.tomcat.jdbc.pool.DataSourceProxy.createPool()Lorg/apache/tomcat/jdbc/pool/ConnectionPool;+13
j  org.apache.tomcat.jdbc.pool.DataSourceProxy.getConnection()Ljava/sql/Connection;+8
j  org.hibernate.engine.jdbc.connections.internal.DatasourceConnectionProviderImpl.getConnection()Ljava/sql/Connection;+48
j  org.hibernate.engine.jdbc.env.internal.JdbcEnvironmentInitiator$ConnectionProviderJdbcConnectionAccess.obtainConnection()Ljava/sql/Connection;+4
j  org.hibernate.engine.jdbc.env.internal.JdbcEnvironmentInitiator.initiateService(Ljava/util/Map;Lorg/hibernate/service/spi/ServiceRegistryImplementor;)Lorg/hibernate/engine/jdbc/env/spi/JdbcEnvironment;+36
j  org.hibernate.engine.jdbc.env.internal.JdbcEnvironmentInitiator.initiateService(Ljava/util/Map;Lorg/hibernate/service/spi/ServiceRegistryImplementor;)Lorg/hibernate/service/Service;+3
j  org.hibernate.boot.registry.internal.StandardServiceRegistryImpl.initiateService(Lorg/hibernate/service/spi/ServiceInitiator;)Lorg/hibernate/service/Service;+9
j  org.hibernate.service.internal.AbstractServiceRegistryImpl.createService(Lorg/hibernate/service/spi/ServiceBinding;)Lorg/hibernate/service/Service;+26
j  org.hibernate.service.internal.AbstractServiceRegistryImpl.initializeService(Lorg/hibernate/service/spi/ServiceBinding;)Lorg/hibernate/service/Service;+30
j  org.hibernate.service.internal.AbstractServiceRegistryImpl.getService(Ljava/lang/Class;)Lorg/hibernate/service/Service;+84
j  org.hibernate.engine.jdbc.internal.JdbcServicesImpl.configure(Ljava/util/Map;)V+7
j  org.hibernate.boot.registry.internal.StandardServiceRegistryImpl.configureService(Lorg/hibernate/service/spi/ServiceBinding;)V+23
j  org.hibernate.service.internal.AbstractServiceRegistryImpl.initializeService(Lorg/hibernate/service/spi/ServiceBinding;)Lorg/hibernate/service/Service;+55
j  org.hibernate.service.internal.AbstractServiceRegistryImpl.getService(Ljava/lang/Class;)Lorg/hibernate/service/Service;+84
j  org.hibernate.boot.model.process.spi.MetadataBuildingProcess.handleTypes(Lorg/hibernate/boot/spi/MetadataBuildingOptions;)Lorg/hibernate/type/BasicTypeRegistry;+42
j  org.hibernate.boot.model.process.spi.MetadataBuildingProcess.complete(Lorg/hibernate/boot/model/process/spi/ManagedResources;Lorg/hibernate/boot/spi/MetadataBuildingOptions;)Lorg/hibernate/boot/spi/MetadataImplementor;+1
j  org.hibernate.jpa.boot.internal.EntityManagerFactoryBuilderImpl.metadata()Lorg/hibernate/boot/spi/MetadataImplementor;+21
j  org.hibernate.jpa.boot.internal.EntityManagerFactoryBuilderImpl.build()Ljavax/persistence/EntityManagerFactory;+1
j  org.springframework.orm.jpa.vendor.SpringHibernateJpaPersistenceProvider.createContainerEntityManagerFactory(Ljavax/persistence/spi/PersistenceUnitInfo;Ljava/util/Map;)Ljavax/persistence/EntityManagerFactory;+55
j  org.springframework.orm.jpa.LocalContainerEntityManagerFactoryBean.createNativeEntityManagerFactory()Ljavax/persistence/EntityManagerFactory;+187
j  org.springframework.orm.jpa.AbstractEntityManagerFactoryBean.buildNativeEntityManagerFactory()Ljavax/persistence/EntityManagerFactory;+1
j  org.springframework.orm.jpa.AbstractEntityManagerFactoryBean.afterPropertiesSet()V+248
j  org.springframework.beans.factory.support.AbstractAutowireCapableBeanFactory.invokeInitMethods(Ljava/lang/String;Ljava/lang/Object;Lorg/springframework/beans/factory/support/RootBeanDefinition;)V+109
j  org.springframework.beans.factory.support.AbstractAutowireCapableBeanFactory.initializeBean(Ljava/lang/String;Ljava/lang/Object;Lorg/springframework/beans/factory/support/RootBeanDefinition;)Ljava/lang/Object;+61
j  org.springframework.beans.factory.support.AbstractAutowireCapableBeanFactory.doCreateBean(Ljava/lang/String;Lorg/springframework/beans/factory/support/RootBeanDefinition;[Ljava/lang/Object;)Ljava/lang/Object;+257
j  org.springframework.beans.factory.support.AbstractAutowireCapableBeanFactory.createBean(Ljava/lang/String;Lorg/springframework/beans/factory/support/RootBeanDefinition;[Ljava/lang/Object;)Ljava/lang/Object;+169
j  org.springframework.beans.factory.support.AbstractBeanFactory$1.getObject()Ljava/lang/Object;+16
j  org.springframework.beans.factory.support.DefaultSingletonBeanRegistry.getSingleton(Ljava/lang/String;Lorg/springframework/beans/factory/ObjectFactory;)Ljava/lang/Object;+132
J 2342 C1 org.springframework.beans.factory.support.AbstractBeanFactory.doGetBean(Ljava/lang/String;Ljava/lang/Class;[Ljava/lang/Object;Z)Ljava/lang/Object; (727 bytes) @ 0x0000000002f9452c [0x0000000002f92aa0+0x1a8c]
j  org.springframework.beans.factory.support.AbstractBeanFactory.getBean(Ljava/lang/String;)Ljava/lang/Object;+5
j  org.springframework.context.support.AbstractApplicationContext.getBean(Ljava/lang/String;)Ljava/lang/Object;+9
j  org.springframework.context.support.AbstractApplicationContext.finishBeanFactoryInitialization(Lorg/springframework/beans/factory/config/ConfigurableListableBeanFactory;)V+102
j  org.springframework.context.support.AbstractApplicationContext.refresh()V+54
j  org.springframework.boot.SpringApplication.refresh(Lorg/springframework/context/ApplicationContext;)V+10
j  org.springframework.boot.SpringApplication.refreshContext(Lorg/springframework/context/ConfigurableApplicationContext;)V+2
j  org.springframework.boot.SpringApplication.run([Ljava/lang/String;)Lorg/springframework/context/ConfigurableApplicationContext;+91
j  org.springframework.boot.test.context.SpringBootContextLoader.loadContext(Lorg/springframework/test/context/MergedContextConfiguration;)Lorg/springframework/context/ApplicationContext;+161
j  org.springframework.test.context.cache.DefaultCacheAwareContextLoaderDelegate.loadContextInternal(Lorg/springframework/test/context/MergedContextConfiguration;)Lorg/springframework/context/ApplicationContext;+27
j  org.springframework.test.context.cache.DefaultCacheAwareContextLoaderDelegate.loadContext(Lorg/springframework/test/context/MergedContextConfiguration;)Lorg/springframework/context/ApplicationContext;+24
j  org.springframework.test.context.support.DefaultTestContext.getApplicationContext()Lorg/springframework/context/ApplicationContext;+8
j  org.springframework.test.context.web.ServletTestExecutionListener.setUpRequestContextIfNecessary(Lorg/springframework/test/context/TestContext;)V+18
j  org.springframework.test.context.web.ServletTestExecutionListener.prepareTestInstance(Lorg/springframework/test/context/TestContext;)V+2
j  org.springframework.test.context.TestContextManager.prepareTestInstance(Ljava/lang/Object;)V+95
j  org.springframework.test.context.junit4.SpringJUnit4ClassRunner.createTest()Ljava/lang/Object;+10
j  org.springframework.test.context.junit4.SpringJUnit4ClassRunner$1.runReflectiveCall()Ljava/lang/Object;+4
j  org.junit.internal.runners.model.ReflectiveCallable.run()Ljava/lang/Object;+1
j  org.springframework.test.context.junit4.SpringJUnit4ClassRunner.methodBlock(Lorg/junit/runners/model/FrameworkMethod;)Lorg/junit/runners/model/Statement;+8
j  org.springframework.test.context.junit4.SpringJUnit4ClassRunner.runChild(Lorg/junit/runners/model/FrameworkMethod;Lorg/junit/runner/notification/RunNotifier;)V+24
j  org.springframework.test.context.junit4.SpringJUnit4ClassRunner.runChild(Ljava/lang/Object;Lorg/junit/runner/notification/RunNotifier;)V+6
j  org.junit.runners.ParentRunner$3.run()V+12
j  org.junit.runners.ParentRunner$1.schedule(Ljava/lang/Runnable;)V+1
j  org.junit.runners.ParentRunner.runChildren(Lorg/junit/runner/notification/RunNotifier;)V+44
j  org.junit.runners.ParentRunner.access$000(Lorg/junit/runners/ParentRunner;Lorg/junit/runner/notification/RunNotifier;)V+2
j  org.junit.runners.ParentRunner$2.evaluate()V+8
j  org.springframework.test.context.junit4.statements.RunBeforeTestClassCallbacks.evaluate()V+11
j  org.springframework.test.context.junit4.statements.RunAfterTestClassCallbacks.evaluate()V+12
j  org.junit.runners.ParentRunner.run(Lorg/junit/runner/notification/RunNotifier;)V+20
j  org.springframework.test.context.junit4.SpringJUnit4ClassRunner.run(Lorg/junit/runner/notification/RunNotifier;)V+24
j  org.gradle.api.internal.tasks.testing.junit.JUnitTestClassExecuter.runTestClass(Ljava/lang/String;)V+256
j  org.gradle.api.internal.tasks.testing.junit.JUnitTestClassExecuter.execute(Ljava/lang/String;)V+14
j  org.gradle.api.internal.tasks.testing.junit.JUnitTestClassProcessor.processTestClass(Lorg/gradle/api/internal/tasks/testing/TestClassRunInfo;)V+26
j  org.gradle.api.internal.tasks.testing.SuiteTestClassProcessor.processTestClass(Lorg/gradle/api/internal/tasks/testing/TestClassRunInfo;)V+5
v  ~StubRoutines::call_stub
j  sun.reflect.NativeMethodAccessorImpl.invoke0(Ljava/lang/reflect/Method;Ljava/lang/Object;[Ljava/lang/Object;)Ljava/lang/Object;+0
j  sun.reflect.NativeMethodAccessorImpl.invoke(Ljava/lang/Object;[Ljava/lang/Object;)Ljava/lang/Object;+100
j  sun.reflect.DelegatingMethodAccessorImpl.invoke(Ljava/lang/Object;[Ljava/lang/Object;)Ljava/lang/Object;+6
j  java.lang.reflect.Method.invoke(Ljava/lang/Object;[Ljava/lang/Object;)Ljava/lang/Object;+56
j  org.gradle.messaging.dispatch.ReflectionDispatch.dispatch(Lorg/gradle/messaging/dispatch/MethodInvocation;)V+19
j  org.gradle.messaging.dispatch.ReflectionDispatch.dispatch(Ljava/lang/Object;)V+5
j  org.gradle.messaging.dispatch.ContextClassLoaderDispatch.dispatch(Ljava/lang/Object;)V+22
j  org.gradle.messaging.dispatch.ProxyDispatchAdapter$DispatchingInvocationHandler.invoke(Ljava/lang/Object;Ljava/lang/reflect/Method;[Ljava/lang/Object;)Ljava/lang/Object;+172
j  com.sun.proxy.$Proxy2.processTestClass(Lorg/gradle/api/internal/tasks/testing/TestClassRunInfo;)V+16
j  org.gradle.api.internal.tasks.testing.worker.TestWorker.processTestClass(Lorg/gradle/api/internal/tasks/testing/TestClassRunInfo;)V+13
v  ~StubRoutines::call_stub
j  sun.reflect.NativeMethodAccessorImpl.invoke0(Ljava/lang/reflect/Method;Ljava/lang/Object;[Ljava/lang/Object;)Ljava/lang/Object;+0
j  sun.reflect.NativeMethodAccessorImpl.invoke(Ljava/lang/Object;[Ljava/lang/Object;)Ljava/lang/Object;+100
j  sun.reflect.DelegatingMethodAccessorImpl.invoke(Ljava/lang/Object;[Ljava/lang/Object;)Ljava/lang/Object;+6
j  java.lang.reflect.Method.invoke(Ljava/lang/Object;[Ljava/lang/Object;)Ljava/lang/Object;+56
j  org.gradle.messaging.dispatch.ReflectionDispatch.dispatch(Lorg/gradle/messaging/dispatch/MethodInvocation;)V+19
j  org.gradle.messaging.dispatch.ReflectionDispatch.dispatch(Ljava/lang/Object;)V+5
j  org.gradle.messaging.remote.internal.hub.MessageHub$Handler.run()V+165
j  org.gradle.internal.concurrent.ExecutorPolicy$CatchAndRecordFailures.onExecute(Ljava/lang/Runnable;)V+1
j  org.gradle.internal.concurrent.StoppableExecutorImpl$1.run()V+25
j  java.util.concurrent.ThreadPoolExecutor.runWorker(Ljava/util/concurrent/ThreadPoolExecutor$Worker;)V+95
j  java.util.concurrent.ThreadPoolExecutor$Worker.run()V+5
j  java.lang.Thread.run()V+11
v  ~StubRoutines::call_stub

---------------  P R O C E S S  ---------------

Java Threads: ( => current thread )
  0x000000005f149800 JavaThread "Tomcat JDBC Pool Cleaner[1550089733:1486632653909]" daemon [_thread_blocked, id=8852, stack(0x000000005a700000,0x000000005a800000)]
  0x000000005bc05000 JavaThread "/127.0.0.1:34414 to /127.0.0.1:34413 workers Thread 3" [_thread_in_native, id=668, stack(0x000000005cd60000,0x000000005ce60000)]
  0x000000005ba2f800 JavaThread "/127.0.0.1:34414 to /127.0.0.1:34413 workers Thread 2" [_thread_blocked, id=9432, stack(0x000000005cbb0000,0x000000005ccb0000)]
=>0x000000005b939000 JavaThread "Test worker" [_thread_in_vm, id=3968, stack(0x000000005c7c0000,0x000000005c8c0000)]
  0x0000000058d75800 JavaThread "Service Thread" daemon [_thread_blocked, id=10648, stack(0x000000005abf0000,0x000000005acf0000)]
  0x0000000058ce1000 JavaThread "C1 CompilerThread3" daemon [_thread_blocked, id=4376, stack(0x000000005a9f0000,0x000000005aaf0000)]
  0x0000000058ce0800 JavaThread "C2 CompilerThread2" daemon [_thread_blocked, id=4432, stack(0x000000005a800000,0x000000005a900000)]
  0x0000000058cd9000 JavaThread "C2 CompilerThread1" daemon [_thread_blocked, id=3180, stack(0x000000005a5f0000,0x000000005a6f0000)]
  0x0000000058cd3000 JavaThread "C2 CompilerThread0" daemon [_thread_blocked, id=10024, stack(0x000000005a390000,0x000000005a490000)]
  0x0000000058cd1000 JavaThread "Attach Listener" daemon [_thread_blocked, id=10392, stack(0x000000005a270000,0x000000005a370000)]
  0x0000000058cd0000 JavaThread "Signal Dispatcher" daemon [_thread_blocked, id=6468, stack(0x0000000059df0000,0x0000000059ef0000)]
  0x0000000057a72800 JavaThread "Finalizer" daemon [_thread_blocked, id=5140, stack(0x000000005a0b0000,0x000000005a1b0000)]
  0x0000000057a6b800 JavaThread "Reference Handler" daemon [_thread_blocked, id=9360, stack(0x0000000059f10000,0x000000005a010000)]
  0x000000000205f000 JavaThread "main" [_thread_blocked, id=7180, stack(0x00000000022e0000,0x00000000023e0000)]

Other Threads:
  0x0000000058c42000 VMThread [stack: 0x0000000059ca0000,0x0000000059da0000] [id=1516]
  0x0000000058e2b000 WatcherThread [stack: 0x000000005a4e0000,0x000000005a5e0000] [id=11132]

VM state:not at safepoint (normal execution)

VM Mutex/Monitor currently owned by a thread: None

Heap:
 PSYoungGen      total 249856K, used 13156K [0x00000000d5b00000, 0x00000000f0b00000, 0x0000000100000000)
  eden space 235008K, 5% used [0x00000000d5b00000,0x00000000d67d9068,0x00000000e4080000)
  from space 14848K, 0% used [0x00000000e4080000,0x00000000e4080000,0x00000000e4f00000)
  to   space 16896K, 0% used [0x00000000efa80000,0x00000000efa80000,0x00000000f0b00000)
 ParOldGen       total 80896K, used 22596K [0x0000000081000000, 0x0000000085f00000, 0x00000000d5b00000)
  object space 80896K, 27% used [0x0000000081000000,0x0000000082611260,0x0000000085f00000)
 Metaspace       used 36161K, capacity 36680K, committed 37080K, reserved 1081344K
  class space    used 4743K, capacity 4864K, committed 4864K, reserved 1048576K

Card table byte_map: [0x0000000011a70000,0x0000000011e70000] byte_map_base: 0x0000000011668000

Marking Bits: (ParMarkBitMap*) 0x000000007027b6d0
 Begin Bits: [0x0000000012d00000, 0x0000000014cc0000)
 End Bits:   [0x0000000014cc0000, 0x0000000016c80000)

Polling page: 0x0000000000150000

CodeCache: size=245760Kb used=13608Kb max_used=14438Kb free=232152Kb
 bounds [0x00000000026b0000, 0x00000000034e0000, 0x00000000116b0000]
 total_blobs=3953 nmethods=3502 adapters=363
 compilation: enabled

Compilation events (10 events):
Event: 5.101 Thread 0x0000000058ce1000 nmethod 3859 0x0000000002811890 code [0x0000000002811a40, 0x00000000028120c8]
Event: 5.101 Thread 0x0000000058ce1000 3860       3       sun.security.util.ManifestEntryVerifier::<init> (60 bytes)
Event: 5.102 Thread 0x0000000058ce1000 nmethod 3860 0x0000000002a5ff50 code [0x0000000002a60140, 0x0000000002a60868]
Event: 5.107 Thread 0x0000000058ce1000 3861       3       com.sun.crypto.provider.AESCrypt::mul4 (181 bytes)
Event: 5.108 Thread 0x0000000058ce1000 nmethod 3861 0x0000000002a558d0 code [0x0000000002a55ae0, 0x0000000002a564d0]
Event: 5.112 Thread 0x0000000058ce1000 3862   !   3       sun.reflect.GeneratedConstructorAccessor32::newInstance (49 bytes)
Event: 5.112 Thread 0x0000000058ce1000 nmethod 3862 0x0000000002a33a10 code [0x0000000002a33be0, 0x0000000002a34148]
Event: 5.114 Thread 0x0000000058ce1000 3863       1       sun.security.jca.ProviderList::access$100 (5 bytes)
Event: 5.114 Thread 0x0000000058ce1000 nmethod 3863 0x00000000027e7e50 code [0x00000000027e7fa0, 0x00000000027e8090]
Event: 5.121 Thread 0x0000000058cd9000 nmethod 3754 0x0000000002d4eb90 code [0x0000000002d4f020, 0x0000000002d53460]

GC Heap History (10 events):
Event: 1.734 GC heap before
{Heap before GC invocations=5 (full 1):
 PSYoungGen      total 138240K, used 5113K [0x00000000d5b00000, 0x00000000de700000, 0x0000000100000000)
  eden space 133120K, 0% used [0x00000000d5b00000,0x00000000d5b00000,0x00000000ddd00000)
  from space 5120K, 99% used [0x00000000de200000,0x00000000de6fe4c8,0x00000000de700000)
  to   space 5120K, 0% used [0x00000000ddd00000,0x00000000ddd00000,0x00000000de200000)
 ParOldGen       total 87552K, used 10353K [0x0000000081000000, 0x0000000086580000, 0x00000000d5b00000)
  object space 87552K, 11% used [0x0000000081000000,0x0000000081a1c7e0,0x0000000086580000)
 Metaspace       used 20868K, capacity 21116K, committed 21248K, reserved 1067008K
  class space    used 2687K, capacity 2760K, committed 2816K, reserved 1048576K
Event: 1.762 GC heap after
Heap after GC invocations=5 (full 1):
 PSYoungGen      total 138240K, used 0K [0x00000000d5b00000, 0x00000000de700000, 0x0000000100000000)
  eden space 133120K, 0% used [0x00000000d5b00000,0x00000000d5b00000,0x00000000ddd00000)
  from space 5120K, 0% used [0x00000000de200000,0x00000000de200000,0x00000000de700000)
  to   space 5120K, 0% used [0x00000000ddd00000,0x00000000ddd00000,0x00000000de200000)
 ParOldGen       total 56832K, used 9106K [0x0000000081000000, 0x0000000084780000, 0x00000000d5b00000)
  object space 56832K, 16% used [0x0000000081000000,0x00000000818e4b08,0x0000000084780000)
 Metaspace       used 20868K, capacity 21116K, committed 21248K, reserved 1067008K
  class space    used 2687K, capacity 2760K, committed 2816K, reserved 1048576K
}
Event: 2.365 GC heap before
{Heap before GC invocations=6 (full 1):
 PSYoungGen      total 138240K, used 133120K [0x00000000d5b00000, 0x00000000de700000, 0x0000000100000000)
  eden space 133120K, 100% used [0x00000000d5b00000,0x00000000ddd00000,0x00000000ddd00000)
  from space 5120K, 0% used [0x00000000de200000,0x00000000de200000,0x00000000de700000)
  to   space 5120K, 0% used [0x00000000ddd00000,0x00000000ddd00000,0x00000000de200000)
 ParOldGen       total 56832K, used 9106K [0x0000000081000000, 0x0000000084780000, 0x00000000d5b00000)
  object space 56832K, 16% used [0x0000000081000000,0x00000000818e4b08,0x0000000084780000)
 Metaspace       used 23853K, capacity 24182K, committed 24448K, reserved 1071104K
  class space    used 3039K, capacity 3134K, committed 3200K, reserved 1048576K
Event: 2.389 GC heap after
Heap after GC invocations=6 (full 1):
 PSYoungGen      total 138240K, used 5109K [0x00000000d5b00000, 0x00000000e5d80000, 0x0000000100000000)
  eden space 133120K, 0% used [0x00000000d5b00000,0x00000000d5b00000,0x00000000ddd00000)
  from space 5120K, 99% used [0x00000000ddd00000,0x00000000de1fd440,0x00000000de200000)
  to   space 12288K, 0% used [0x00000000e5180000,0x00000000e5180000,0x00000000e5d80000)
 ParOldGen       total 56832K, used 10987K [0x0000000081000000, 0x0000000084780000, 0x00000000d5b00000)
  object space 56832K, 19% used [0x0000000081000000,0x0000000081abac30,0x0000000084780000)
 Metaspace       used 23853K, capacity 24182K, committed 24448K, reserved 1071104K
  class space    used 3039K, capacity 3134K, committed 3200K, reserved 1048576K
}
Event: 3.346 GC heap before
{Heap before GC invocations=7 (full 1):
 PSYoungGen      total 138240K, used 138229K [0x00000000d5b00000, 0x00000000e5d80000, 0x0000000100000000)
  eden space 133120K, 100% used [0x00000000d5b00000,0x00000000ddd00000,0x00000000ddd00000)
  from space 5120K, 99% used [0x00000000ddd00000,0x00000000de1fd440,0x00000000de200000)
  to   space 12288K, 0% used [0x00000000e5180000,0x00000000e5180000,0x00000000e5d80000)
 ParOldGen       total 56832K, used 10987K [0x0000000081000000, 0x0000000084780000, 0x00000000d5b00000)
  object space 56832K, 19% used [0x0000000081000000,0x0000000081abac30,0x0000000084780000)
 Metaspace       used 26750K, capacity 27130K, committed 27392K, reserved 1073152K
  class space    used 3455K, capacity 3556K, committed 3584K, reserved 1048576K
Event: 3.359 GC heap after
Heap after GC invocations=7 (full 1):
 PSYoungGen      total 247296K, used 12276K [0x00000000d5b00000, 0x00000000e5d80000, 0x0000000100000000)
  eden space 235008K, 0% used [0x00000000d5b00000,0x00000000d5b00000,0x00000000e4080000)
  from space 12288K, 99% used [0x00000000e5180000,0x00000000e5d7d260,0x00000000e5d80000)
  to   space 14848K, 0% used [0x00000000e4080000,0x00000000e4080000,0x00000000e4f00000)
 ParOldGen       total 56832K, used 12233K [0x0000000081000000, 0x0000000084780000, 0x00000000d5b00000)
  object space 56832K, 21% used [0x0000000081000000,0x0000000081bf25b8,0x0000000084780000)
 Metaspace       used 26750K, capacity 27130K, committed 27392K, reserved 1073152K
  class space    used 3455K, capacity 3556K, committed 3584K, reserved 1048576K
}
Event: 4.771 GC heap before
{Heap before GC invocations=8 (full 1):
 PSYoungGen      total 247296K, used 202807K [0x00000000d5b00000, 0x00000000e5d80000, 0x0000000100000000)
  eden space 235008K, 81% used [0x00000000d5b00000,0x00000000e1510b28,0x00000000e4080000)
  from space 12288K, 99% used [0x00000000e5180000,0x00000000e5d7d260,0x00000000e5d80000)
  to   space 14848K, 0% used [0x00000000e4080000,0x00000000e4080000,0x00000000e4f00000)
 ParOldGen       total 56832K, used 12233K [0x0000000081000000, 0x0000000084780000, 0x00000000d5b00000)
  object space 56832K, 21% used [0x0000000081000000,0x0000000081bf25b8,0x0000000084780000)
 Metaspace       used 34736K, capacity 35136K, committed 35416K, reserved 1079296K
  class space    used 4577K, capacity 4693K, committed 4736K, reserved 1048576K
Event: 4.809 GC heap after
Heap after GC invocations=8 (full 1):
 PSYoungGen      total 249856K, used 14497K [0x00000000d5b00000, 0x00000000f0b00000, 0x0000000100000000)
  eden space 235008K, 0% used [0x00000000d5b00000,0x00000000d5b00000,0x00000000e4080000)
  from space 14848K, 97% used [0x00000000e4080000,0x00000000e4ea8588,0x00000000e4f00000)
  to   space 16896K, 0% used [0x00000000efa80000,0x00000000efa80000,0x00000000f0b00000)
 ParOldGen       total 56832K, used 12241K [0x0000000081000000, 0x0000000084780000, 0x00000000d5b00000)
  object space 56832K, 21% used [0x0000000081000000,0x0000000081bf45b8,0x0000000084780000)
 Metaspace       used 34736K, capacity 35136K, committed 35416K, reserved 1079296K
  class space    used 4577K, capacity 4693K, committed 4736K, reserved 1048576K
}
Event: 4.809 GC heap before
{Heap before GC invocations=9 (full 2):
 PSYoungGen      total 249856K, used 14497K [0x00000000d5b00000, 0x00000000f0b00000, 0x0000000100000000)
  eden space 235008K, 0% used [0x00000000d5b00000,0x00000000d5b00000,0x00000000e4080000)
  from space 14848K, 97% used [0x00000000e4080000,0x00000000e4ea8588,0x00000000e4f00000)
  to   space 16896K, 0% used [0x00000000efa80000,0x00000000efa80000,0x00000000f0b00000)
 ParOldGen       total 56832K, used 12241K [0x0000000081000000, 0x0000000084780000, 0x00000000d5b00000)
  object space 56832K, 21% used [0x0000000081000000,0x0000000081bf45b8,0x0000000084780000)
 Metaspace       used 34736K, capacity 35136K, committed 35416K, reserved 1079296K
  class space    used 4577K, capacity 4693K, committed 4736K, reserved 1048576K
Event: 4.883 GC heap after
Heap after GC invocations=9 (full 2):
 PSYoungGen      total 249856K, used 0K [0x00000000d5b00000, 0x00000000f0b00000, 0x0000000100000000)
  eden space 235008K, 0% used [0x00000000d5b00000,0x00000000d5b00000,0x00000000e4080000)
  from space 14848K, 0% used [0x00000000e4080000,0x00000000e4080000,0x00000000e4f00000)
  to   space 16896K, 0% used [0x00000000efa80000,0x00000000efa80000,0x00000000f0b00000)
 ParOldGen       total 80896K, used 22596K [0x0000000081000000, 0x0000000085f00000, 0x00000000d5b00000)
  object space 80896K, 27% used [0x0000000081000000,0x0000000082611260,0x0000000085f00000)
 Metaspace       used 34736K, capacity 35136K, committed 35416K, reserved 1079296K
  class space    used 4577K, capacity 4693K, committed 4736K, reserved 1048576K
}

Deoptimization events (10 events):
Event: 4.913 Thread 0x000000005b939000 Uncommon trap: reason=unstable_if action=reinterpret pc=0x00000000027ccea4 method=java.lang.String.regionMatches(ZILjava/lang/String;II)Z @ 123
Event: 4.913 Thread 0x000000005b939000 Uncommon trap: reason=unstable_if action=reinterpret pc=0x0000000002a7e580 method=java.lang.String.regionMatches(ZILjava/lang/String;II)Z @ 123
Event: 5.011 Thread 0x000000005b939000 Uncommon trap: reason=null_check action=make_not_entrant pc=0x00000000034d2720 method=java.net.URL.getURLStreamHandler(Ljava/lang/String;)Ljava/net/URLStreamHandler; @ 7
Event: 5.020 Thread 0x000000005b939000 Uncommon trap: reason=bimorphic action=maybe_recompile pc=0x00000000034c4498 method=java.util.Properties$LineReader.readLine()I @ 62
Event: 5.020 Thread 0x000000005b939000 Uncommon trap: reason=class_check action=maybe_recompile pc=0x00000000034c43a0 method=java.util.Properties$LineReader.readLine()I @ 410
Event: 5.021 Thread 0x000000005b939000 Uncommon trap: reason=bimorphic action=maybe_recompile pc=0x00000000034c4498 method=java.util.Properties$LineReader.readLine()I @ 62
Event: 5.084 Thread 0x000000005b939000 Uncommon trap: reason=bimorphic action=maybe_recompile pc=0x0000000002fc2f68 method=java.util.regex.Matcher.match(II)Z @ 86
Event: 5.097 Thread 0x000000005b939000 Uncommon trap: reason=bimorphic action=maybe_recompile pc=0x0000000002fc2f68 method=java.util.regex.Matcher.match(II)Z @ 86
Event: 5.097 Thread 0x000000005b939000 Uncommon trap: reason=bimorphic action=maybe_recompile pc=0x0000000002fc2f68 method=java.util.regex.Matcher.match(II)Z @ 86
Event: 5.097 Thread 0x000000005b939000 Uncommon trap: reason=bimorphic action=maybe_recompile pc=0x0000000002fc2f68 method=java.util.regex.Matcher.match(II)Z @ 86

Internal exceptions (10 events):
Event: 4.449 Thread 0x000000005b939000 Exception <a 'java/lang/ClassNotFoundException': org/springframework/beans/factory/BeanClassLoaderAwareCustomizer> (0x00000000def39148) thrown at [C:\re\workspace\8-2-build-windows-amd64-cygwin\jdk8u121\8372\hotspot\src\share\vm\classfile\systemDictionary
Event: 4.450 Thread 0x000000005b939000 Exception <a 'java/lang/ClassNotFoundException': org/springframework/beans/factory/BeanFactoryAwareCustomizer> (0x00000000def5d770) thrown at [C:\re\workspace\8-2-build-windows-amd64-cygwin\jdk8u121\8372\hotspot\src\share\vm\classfile\systemDictionary.cpp
Event: 4.450 Thread 0x000000005b939000 Exception <a 'java/lang/ClassNotFoundException': org/springframework/beans/factory/BeanNameAwareCustomizer> (0x00000000def809f0) thrown at [C:\re\workspace\8-2-build-windows-amd64-cygwin\jdk8u121\8372\hotspot\src\share\vm\classfile\systemDictionary.cpp, l
Event: 4.451 Thread 0x000000005b939000 Exception <a 'java/lang/ClassNotFoundException': org/springframework/beans/factory/InitializingBeanCustomizer> (0x00000000defa4f38) thrown at [C:\re\workspace\8-2-build-windows-amd64-cygwin\jdk8u121\8372\hotspot\src\share\vm\classfile\systemDictionary.cpp
Event: 4.451 Thread 0x000000005b939000 Exception <a 'java/lang/ClassNotFoundException': org/springframework/beans/factory/DisposableBeanCustomizer> (0x00000000defc73d0) thrown at [C:\re\workspace\8-2-build-windows-amd64-cygwin\jdk8u121\8372\hotspot\src\share\vm\classfile\systemDictionary.cpp, 
Event: 4.451 Thread 0x000000005b939000 Exception <a 'java/lang/ClassNotFoundException': org/springframework/orm/jpa/EntityManagerFactoryInfoCustomizer> (0x00000000defebae8) thrown at [C:\re\workspace\8-2-build-windows-amd64-cygwin\jdk8u121\8372\hotspot\src\share\vm\classfile\systemDictionary.c
Event: 4.452 Thread 0x000000005b939000 Exception <a 'java/lang/ClassNotFoundException': org/springframework/dao/support/PersistenceExceptionTranslatorCustomizer> (0x00000000df01db30) thrown at [C:\re\workspace\8-2-build-windows-amd64-cygwin\jdk8u121\8372\hotspot\src\share\vm\classfile\systemDi
Event: 4.452 Thread 0x000000005b939000 Exception <a 'java/lang/ClassNotFoundException': java/io/SerializableCustomizer> (0x00000000df02a4e0) thrown at [C:\re\workspace\8-2-build-windows-amd64-cygwin\jdk8u121\8372\hotspot\src\share\vm\classfile\systemDictionary.cpp, line 210]
Event: 4.735 Thread 0x000000005b939000 Implicit null exception at 0x00000000033661e7 to 0x0000000003366369
Event: 5.011 Thread 0x000000005b939000 Implicit null exception at 0x00000000034d06fb to 0x00000000034d2715

Events (10 events):
Event: 5.112 loading class com/sun/crypto/provider/HmacCore
Event: 5.112 loading class com/sun/crypto/provider/HmacCore done
Event: 5.112 loading class javax/crypto/MacSpi
Event: 5.112 loading class javax/crypto/MacSpi done
Event: 5.114 loading class sun/security/ssl/CipherBox$1
Event: 5.114 loading class sun/security/ssl/CipherBox$1 done
Event: 5.114 loading class java/lang/StrictMath
Event: 5.114 loading class java/lang/StrictMath done
Event: 5.115 loading class java/lang/ClassLoaderHelper
Event: 5.115 loading class java/lang/ClassLoaderHelper done


Dynamic libraries:
0x000000013f6b0000 - 0x000000013f6e7000 	C:\Program Files\Java\jdk1.8.0_121\bin\java.exe
0x00000000779c0000 - 0x0000000077b6a000 	C:\windows\SYSTEM32\ntdll.dll
0x00000000778a0000 - 0x00000000779bf000 	C:\windows\system32\kernel32.dll
0x000007fefda20000 - 0x000007fefda8a000 	C:\windows\system32\KERNELBASE.dll
0x000007fefdf40000 - 0x000007fefe01b000 	C:\windows\system32\ADVAPI32.dll
0x000007feffa00000 - 0x000007feffa9f000 	C:\windows\system32\msvcrt.dll
0x000007feff960000 - 0x000007feff97f000 	C:\windows\SYSTEM32\sechost.dll
0x000007feff830000 - 0x000007feff95d000 	C:\windows\system32\RPCRT4.dll
0x00000000777a0000 - 0x000000007789a000 	C:\windows\system32\USER32.dll
0x000007feff990000 - 0x000007feff9f7000 	C:\windows\system32\GDI32.dll
0x000007feff7a0000 - 0x000007feff7ae000 	C:\windows\system32\LPK.dll
0x000007feff420000 - 0x000007feff4ea000 	C:\windows\system32\USP10.dll
0x000007fefc190000 - 0x000007fefc384000 	C:\windows\WinSxS\amd64_microsoft.windows.common-controls_6595b64144ccf1df_6.0.7601.18837_none_fa3b1e3d17594757\COMCTL32.dll
0x000007feff540000 - 0x000007feff5b1000 	C:\windows\system32\SHLWAPI.dll
0x000007fefdb20000 - 0x000007fefdb4e000 	C:\windows\system32\IMM32.DLL
0x000007feff290000 - 0x000007feff399000 	C:\windows\system32\MSCTF.dll
0x000007fef6850000 - 0x000007fef68f7000 	C:\Program Files\McAfee\Host Intrusion Prevention\HcApi.dll
0x0000000073020000 - 0x000000007302b000 	C:\Program Files\McAfee\Host Intrusion Prevention\HcThe.dll
0x00000000585b0000 - 0x0000000058682000 	C:\Program Files\Java\jdk1.8.0_121\jre\bin\msvcr100.dll
0x000000006fa60000 - 0x00000000702fb000 	C:\Program Files\Java\jdk1.8.0_121\jre\bin\server\jvm.dll
0x000007fef8ee0000 - 0x000007fef8ee9000 	C:\windows\system32\WSOCK32.dll
0x000007feff4f0000 - 0x000007feff53d000 	C:\windows\system32\WS2_32.dll
0x000007feff980000 - 0x000007feff988000 	C:\windows\system32\NSI.dll
0x000007fefb830000 - 0x000007fefb86b000 	C:\windows\system32\WINMM.dll
0x000007fefc820000 - 0x000007fefc82c000 	C:\windows\system32\VERSION.dll
0x0000000077b80000 - 0x0000000077b87000 	C:\windows\system32\PSAPI.DLL
0x00000000706f0000 - 0x00000000706ff000 	C:\Program Files\Java\jdk1.8.0_121\jre\bin\verify.dll
0x000000006eca0000 - 0x000000006ecc9000 	C:\Program Files\Java\jdk1.8.0_121\jre\bin\java.dll
0x000000006f610000 - 0x000000006f626000 	C:\Program Files\Java\jdk1.8.0_121\jre\bin\zip.dll
0x000007fefe500000 - 0x000007feff28a000 	C:\windows\system32\SHELL32.dll
0x000007fefe2f0000 - 0x000007fefe4f3000 	C:\windows\system32\ole32.dll
0x000007fefd760000 - 0x000007fefd76f000 	C:\windows\system32\profapi.dll
0x00000000002d0000 - 0x00000000002ea000 	C:\Program Files\Java\jdk1.8.0_121\jre\bin\net.dll
0x000007fefcf00000 - 0x000007fefcf55000 	C:\windows\system32\mswsock.dll
0x000007fefcef0000 - 0x000007fefcef7000 	C:\windows\System32\wship6.dll
0x00000000005c0000 - 0x00000000005d1000 	C:\Program Files\Java\jdk1.8.0_121\jre\bin\nio.dll
0x000007fefa6b0000 - 0x000007fefa6c2000 	C:\Users\chakrapa\.gradle\native\19\windows-amd64\native-platform.dll
0x000007fefcf60000 - 0x000007fefcf78000 	C:\windows\system32\CRYPTSP.dll
0x000007fefcc60000 - 0x000007fefcca7000 	C:\windows\system32\rsaenh.dll
0x000007fefd9f0000 - 0x000007fefda0e000 	C:\windows\system32\USERENV.dll
0x000007fefd600000 - 0x000007fefd60f000 	C:\windows\system32\CRYPTBASE.dll
0x000007fefa1c0000 - 0x000007fefa1e7000 	C:\windows\system32\IPHLPAPI.DLL
0x000007fefa1b0000 - 0x000007fefa1bb000 	C:\windows\system32\WINNSI.DLL
0x000007fef9f50000 - 0x000007fef9f68000 	C:\windows\system32\dhcpcsvc.DLL
0x000007fef9f30000 - 0x000007fef9f41000 	C:\windows\system32\dhcpcsvc6.DLL
0x0000000070670000 - 0x000000007067d000 	C:\Program Files\Java\jdk1.8.0_121\jre\bin\management.dll
0x000007fefad80000 - 0x000007fefad95000 	C:\windows\system32\NLAapi.dll
0x000007fef8ad0000 - 0x000007fef8ae5000 	C:\windows\system32\napinsp.dll
0x000007fef8ab0000 - 0x000007fef8ac9000 	C:\windows\system32\pnrpnsp.dll
0x000007fefcd80000 - 0x000007fefcddb000 	C:\windows\system32\DNSAPI.dll
0x000007fef8a80000 - 0x000007fef8a8b000 	C:\windows\System32\winrnr.dll
0x000007fefc8f0000 - 0x000007fefc8f7000 	C:\windows\System32\wshtcpip.dll
0x000007fef5450000 - 0x000007fef5458000 	C:\windows\system32\rasadhlp.dll
0x000007fefa030000 - 0x000007fefa083000 	C:\windows\System32\fwpuclnt.dll
0x00000000709f0000 - 0x0000000070a14000 	C:\Program Files\Java\jdk1.8.0_121\jre\bin\sunec.dll
0x000000006ec90000 - 0x000000006ec9b000 	C:\Program Files\Java\jdk1.8.0_121\jre\bin\sunmscapi.dll
0x000007fefd790000 - 0x000007fefd8fd000 	C:\windows\system32\CRYPT32.dll
0x000007fefd770000 - 0x000007fefd77f000 	C:\windows\system32\MSASN1.dll
0x0000000002060000 - 0x0000000002079000 	C:\Program Files\Java\jdk1.8.0_121\bin\sqljdbc_auth.dll
0x000007fefd4d0000 - 0x000007fefd4db000 	C:\windows\system32\secur32.dll
0x000007fefd530000 - 0x000007fefd555000 	C:\windows\system32\SSPICLI.DLL
0x000007fefcb60000 - 0x000007fefcb6a000 	C:\windows\system32\credssp.dll
0x000007fefcf80000 - 0x000007fefd038000 	C:\windows\system32\kerberos.DLL
0x000007fefd1e0000 - 0x000007fefd1f4000 	C:\windows\system32\cryptdll.dll
0x000007fefce90000 - 0x000007fefcee2000 	C:\windows\system32\msv1_0.DLL
0x000007fefb3e0000 - 0x000007fefb407000 	C:\windows\system32\ntdsapi.dll
0x000007fefab60000 - 0x000007fefac85000 	C:\windows\system32\dbghelp.dll

VM Arguments:
jvm_args: -Djava.security.manager=jarjar.org.gradle.process.internal.child.BootstrapSecurityManager -Dfile.encoding=windows-1252 -Duser.country=US -Duser.language=en -Duser.variant -ea 
java_command: jarjar.org.gradle.process.internal.launcher.GradleWorkerMain 'Gradle Test Executor 1'
java_class_path (initial): C:\Users\chakrapa\.gradle\caches\2.13\workerMain\gradle-worker.jar
Launcher Type: SUN_STANDARD

Environment Variables:
JAVA_HOME="C:\Program Files\Java\jdk1.8.0_121"
PATH=C:/Program Files/Java/jre1.8.0_121/bin/server;C:/Program Files/Java/jre1.8.0_121/bin;C:/Program Files/Java/jre1.8.0_121/lib/amd64;C:\Program Files\RA2HP\;C:\ProgramData\Oracle\Java\javapath;C:\windows\system32;C:\windows;C:\windows\System32\Wbem;C:\windows\System32\WindowsPowerShell\v1.0\;C:\Program Files (x86)\Windows Kits\8.1\Windows Performance Toolkit\;C:\Program Files\Microsoft SQL Server\110\Tools\Binn\;C:\Program Files (x86)\Microsoft SQL Server\100\Tools\Binn\;C:\Program Files\Microsoft SQL Server\100\Tools\Binn\;C:\Program Files\Microsoft SQL Server\100\DTS\Binn\;C:\Program Files (x86)\Microsoft SQL Server\100\Tools\Binn\VSShell\Common7\IDE\;C:\Program Files (x86)\Microsoft Visual Studio 9.0\Common7\IDE\PrivateAssemblies\;C:\Program Files (x86)\Microsoft SQL Server\100\DTS\Binn\;C:\eclipse;
USERNAME=chakrapa
OS=Windows_NT
PROCESSOR_IDENTIFIER=Intel64 Family 6 Model 58 Stepping 9, GenuineIntel



---------------  S Y S T E M  ---------------

OS: Windows 7 , 64 bit Build 7601 (6.1.7601.23392)

CPU:total 8 (4 cores per cpu, 2 threads per core) family 6 model 58 stepping 9, cmov, cx8, fxsr, mmx, sse, sse2, sse3, ssse3, sse4.1, sse4.2, popcnt, avx, aes, clmul, erms, ht, tsc, tscinvbit, tscinv

Memory: 4k page, physical 8318368k(3299612k free), swap 16634880k(10083016k free)

vm_info: Java HotSpot(TM) 64-Bit Server VM (25.121-b13) for windows-amd64 JRE (1.8.0_121-b13), built on Dec 12 2016 18:21:36 by "java_re" with MS VC++ 10.0 (VS2010)

time: Thu Feb 09 15:00:54 2017
elapsed time: 5 seconds (0d 0h 0m 5s)

