#
# A fatal error has been detected by the Java Runtime Environment:
#
#  EXCEPTION_ACCESS_VIOLATION (0xc0000005) at pc=0x000000006f69ef05, pid=10344, tid=0x0000000000001ac4
#
# JRE version: Java(TM) SE Runtime Environment (8.0_121-b13) (build 1.8.0_121-b13)
# Java VM: Java HotSpot(TM) 64-Bit Server VM (25.121-b13 mixed mode windows-amd64 compressed oops)
# Problematic frame:
# V  [jvm.dll+0x13ef05]
#
# Failed to write core dump. Minidumps are not enabled by default on client versions of Windows
#
# If you would like to submit a bug report, please visit:
#   http://bugreport.java.com/bugreport/crash.jsp
#

---------------  T H R E A D  ---------------

Current thread (0x000000001b26f000):  JavaThread "Test worker" [_thread_in_vm, id=6852, stack(0x000000001c240000,0x000000001c340000)]

siginfo: ExceptionCode=0xc0000005, reading address 0x0000000000000000

Registers:
RAX=0x0000000000000000, RBX=0x000000001b26f000, RCX=0x0000000000000f00, RDX=0x0000000000000000
RSP=0x000000001c33ad30, RBP=0x000000001c33af78, RSI=0x000000001b26f1f8, RDI=0x0000000000000000
R8 =0xffffffffa739e660, R9 =0x0000000058c619cf, R10=0x000000000000002f, R11=0x000000000000002f
R12=0x000000001c33af80, R13=0x0000000000000000, R14=0x0000000000000000, R15=0x0000000000000000
RIP=0x000000006f69ef05, EFLAGS=0x0000000000010202

Top of Stack: (sp=0x000000001c33ad30)
0x000000001c33ad30:   0000000058c619a0 000000001b26f000
0x000000001c33ad40:   000000001c33af78 0000000000000000
0x000000001c33ad50:   000000001b26f000 0000000000000000
0x000000001c33ad60:   0000000000000000 0000000058c64bd0
0x000000001c33ad70:   000000001b7a9ae0 0000000058c64c47
0x000000001c33ad80:   000000001b26f1f8 000000001c33af78
0x000000001c33ad90:   0000000000000000 000000001b25c8a0
0x000000001c33ada0:   00000000210941d8 000000001c33af80
0x000000001c33adb0:   000000001b25ed00 000000006f61b616
0x000000001c33adc0:   000000001c33dbc8 0000000018a431d0
0x000000001c33add0:   00000000000003d8 0000000018a431e0
0x000000001c33ade0:   0000000000000000 0000000000000000
0x000000001c33adf0:   0000000000000000 0000000000000000
0x000000001c33ae00:   0000000000000000 00000000025d7e06
0x000000001c33ae10:   000000001b26f000 000000001c33af80
0x000000001c33ae20:   00000000210941d8 0000000000000000 

Instructions: (pc=0x000000006f69ef05)
0x000000006f69eee5:   89 5c 24 20 48 c7 44 24 28 00 00 00 00 74 0a 48
0x000000006f69eef5:   8d 4c 24 20 e8 c2 ca 13 00 80 3d 6c d4 6c 00 00
0x000000006f69ef05:   48 8b 17 74 15 8b 52 08 8b 0d 95 08 66 00 48 d3
0x000000006f69ef15:   e2 48 03 15 83 08 66 00 eb 04 48 8b 52 08 48 8b 


Register to memory mapping:

RAX=0x0000000000000000 is an unknown value
RBX=0x000000001b26f000 is a thread
RCX=0x0000000000000f00 is an unknown value
RDX=0x0000000000000000 is an unknown value
RSP=0x000000001c33ad30 is pointing into the stack for thread: 0x000000001b26f000
RBP=0x000000001c33af78 is pointing into the stack for thread: 0x000000001b26f000
RSI=0x000000001b26f1f8 is an unknown value
RDI=0x0000000000000000 is an unknown value
R8 =0xffffffffa739e660 is an unknown value
R9 =0x0000000058c619cf is an unknown value
R10=0x000000000000002f is an unknown value
R11=0x000000000000002f is an unknown value
R12=0x000000001c33af80 is pointing into the stack for thread: 0x000000001b26f000
R13=0x0000000000000000 is an unknown value
R14=0x0000000000000000 is an unknown value
R15=0x0000000000000000 is an unknown value


Stack: [0x000000001c240000,0x000000001c340000],  sp=0x000000001c33ad30,  free space=1003k
Native frames: (J=compiled Java code, j=interpreted, Vv=VM code, C=native code)
V  [jvm.dll+0x13ef05]
C  [sqljdbc_auth.dll+0x4c47]
C  0x00000000025d7f74

Java frames: (J=compiled Java code, j=interpreted, Vv=VM code)
j  com.microsoft.sqlserver.jdbc.AuthenticationJNI.SNISecGenClientContext([B[I[BI[B[I[ZLjava/lang/String;ILjava/lang/String;Ljava/lang/String;Ljava/util/logging/Logger;)I+0
j  com.microsoft.sqlserver.jdbc.AuthenticationJNI.GenerateClientContext([B[Z)[B+68
j  com.microsoft.sqlserver.jdbc.SQLServerConnection.sendLogon(Lcom/microsoft/sqlserver/jdbc/SQLServerConnection$LogonCommand;Lcom/microsoft/sqlserver/jdbc/SSPIAuthentication;)V+183
j  com.microsoft.sqlserver.jdbc.SQLServerConnection.logon(Lcom/microsoft/sqlserver/jdbc/SQLServerConnection$LogonCommand;)V+85
j  com.microsoft.sqlserver.jdbc.SQLServerConnection.access$100(Lcom/microsoft/sqlserver/jdbc/SQLServerConnection;Lcom/microsoft/sqlserver/jdbc/SQLServerConnection$LogonCommand;)V+2
j  com.microsoft.sqlserver.jdbc.SQLServerConnection$LogonCommand.doExecute()Z+5
j  com.microsoft.sqlserver.jdbc.TDSCommand.execute(Lcom/microsoft/sqlserver/jdbc/TDSWriter;Lcom/microsoft/sqlserver/jdbc/TDSReader;)Z+30
j  com.microsoft.sqlserver.jdbc.SQLServerConnection.executeCommand(Lcom/microsoft/sqlserver/jdbc/TDSCommand;)Z+45
j  com.microsoft.sqlserver.jdbc.SQLServerConnection.connectHelper(Lcom/microsoft/sqlserver/jdbc/ServerPortPlaceHolder;IIZ)V+216
j  com.microsoft.sqlserver.jdbc.SQLServerConnection.login(Ljava/lang/String;Ljava/lang/String;ILjava/lang/String;Lcom/microsoft/sqlserver/jdbc/FailoverInfo;IJ)V+469
j  com.microsoft.sqlserver.jdbc.SQLServerConnection.connectInternal(Ljava/util/Properties;Lcom/microsoft/sqlserver/jdbc/SQLServerPooledConnection;)Ljava/sql/Connection;+2084
j  com.microsoft.sqlserver.jdbc.SQLServerConnection.connect(Ljava/util/Properties;Lcom/microsoft/sqlserver/jdbc/SQLServerPooledConnection;)Ljava/sql/Connection;+13
j  com.microsoft.sqlserver.jdbc.SQLServerDriver.connect(Ljava/lang/String;Ljava/util/Properties;)Ljava/sql/Connection;+45
j  org.apache.tomcat.jdbc.pool.PooledConnection.connectUsingDriver()V+370
j  org.apache.tomcat.jdbc.pool.PooledConnection.connect()V+91
j  org.apache.tomcat.jdbc.pool.ConnectionPool.createConnection(JLorg/apache/tomcat/jdbc/pool/PooledConnection;Ljava/lang/String;Ljava/lang/String;)Lorg/apache/tomcat/jdbc/pool/PooledConnection;+53
j  org.apache.tomcat.jdbc.pool.ConnectionPool.borrowConnection(ILjava/lang/String;Ljava/lang/String;)Lorg/apache/tomcat/jdbc/pool/PooledConnection;+118
j  org.apache.tomcat.jdbc.pool.ConnectionPool.init(Lorg/apache/tomcat/jdbc/pool/PoolConfiguration;)V+268
j  org.apache.tomcat.jdbc.pool.ConnectionPool.<init>(Lorg/apache/tomcat/jdbc/pool/PoolConfiguration;)V+80
j  org.apache.tomcat.jdbc.pool.DataSourceProxy.pCreatePool()Lorg/apache/tomcat/jdbc/pool/ConnectionPool;+21
j  org.apache.tomcat.jdbc.pool.DataSourceProxy.createPool()Lorg/apache/tomcat/jdbc/pool/ConnectionPool;+13
j  org.apache.tomcat.jdbc.pool.DataSourceProxy.getConnection()Ljava/sql/Connection;+8
j  org.hibernate.engine.jdbc.connections.internal.DatasourceConnectionProviderImpl.getConnection()Ljava/sql/Connection;+48
j  org.hibernate.engine.jdbc.env.internal.JdbcEnvironmentInitiator$ConnectionProviderJdbcConnectionAccess.obtainConnection()Ljava/sql/Connection;+4
j  org.hibernate.engine.jdbc.env.internal.JdbcEnvironmentInitiator.initiateService(Ljava/util/Map;Lorg/hibernate/service/spi/ServiceRegistryImplementor;)Lorg/hibernate/engine/jdbc/env/spi/JdbcEnvironment;+36
j  org.hibernate.engine.jdbc.env.internal.JdbcEnvironmentInitiator.initiateService(Ljava/util/Map;Lorg/hibernate/service/spi/ServiceRegistryImplementor;)Lorg/hibernate/service/Service;+3
j  org.hibernate.boot.registry.internal.StandardServiceRegistryImpl.initiateService(Lorg/hibernate/service/spi/ServiceInitiator;)Lorg/hibernate/service/Service;+9
j  org.hibernate.service.internal.AbstractServiceRegistryImpl.createService(Lorg/hibernate/service/spi/ServiceBinding;)Lorg/hibernate/service/Service;+26
j  org.hibernate.service.internal.AbstractServiceRegistryImpl.initializeService(Lorg/hibernate/service/spi/ServiceBinding;)Lorg/hibernate/service/Service;+30
j  org.hibernate.service.internal.AbstractServiceRegistryImpl.getService(Ljava/lang/Class;)Lorg/hibernate/service/Service;+84
j  org.hibernate.engine.jdbc.internal.JdbcServicesImpl.configure(Ljava/util/Map;)V+7
j  org.hibernate.boot.registry.internal.StandardServiceRegistryImpl.configureService(Lorg/hibernate/service/spi/ServiceBinding;)V+23
j  org.hibernate.service.internal.AbstractServiceRegistryImpl.initializeService(Lorg/hibernate/service/spi/ServiceBinding;)Lorg/hibernate/service/Service;+55
j  org.hibernate.service.internal.AbstractServiceRegistryImpl.getService(Ljava/lang/Class;)Lorg/hibernate/service/Service;+84
j  org.hibernate.boot.model.process.spi.MetadataBuildingProcess.handleTypes(Lorg/hibernate/boot/spi/MetadataBuildingOptions;)Lorg/hibernate/type/BasicTypeRegistry;+42
j  org.hibernate.boot.model.process.spi.MetadataBuildingProcess.complete(Lorg/hibernate/boot/model/process/spi/ManagedResources;Lorg/hibernate/boot/spi/MetadataBuildingOptions;)Lorg/hibernate/boot/spi/MetadataImplementor;+1
j  org.hibernate.jpa.boot.internal.EntityManagerFactoryBuilderImpl.metadata()Lorg/hibernate/boot/spi/MetadataImplementor;+21
j  org.hibernate.jpa.boot.internal.EntityManagerFactoryBuilderImpl.build()Ljavax/persistence/EntityManagerFactory;+1
j  org.springframework.orm.jpa.vendor.SpringHibernateJpaPersistenceProvider.createContainerEntityManagerFactory(Ljavax/persistence/spi/PersistenceUnitInfo;Ljava/util/Map;)Ljavax/persistence/EntityManagerFactory;+55
j  org.springframework.orm.jpa.LocalContainerEntityManagerFactoryBean.createNativeEntityManagerFactory()Ljavax/persistence/EntityManagerFactory;+187
j  org.springframework.orm.jpa.AbstractEntityManagerFactoryBean.buildNativeEntityManagerFactory()Ljavax/persistence/EntityManagerFactory;+1
j  org.springframework.orm.jpa.AbstractEntityManagerFactoryBean.afterPropertiesSet()V+248
j  org.springframework.beans.factory.support.AbstractAutowireCapableBeanFactory.invokeInitMethods(Ljava/lang/String;Ljava/lang/Object;Lorg/springframework/beans/factory/support/RootBeanDefinition;)V+109
j  org.springframework.beans.factory.support.AbstractAutowireCapableBeanFactory.initializeBean(Ljava/lang/String;Ljava/lang/Object;Lorg/springframework/beans/factory/support/RootBeanDefinition;)Ljava/lang/Object;+61
j  org.springframework.beans.factory.support.AbstractAutowireCapableBeanFactory.doCreateBean(Ljava/lang/String;Lorg/springframework/beans/factory/support/RootBeanDefinition;[Ljava/lang/Object;)Ljava/lang/Object;+257
j  org.springframework.beans.factory.support.AbstractAutowireCapableBeanFactory.createBean(Ljava/lang/String;Lorg/springframework/beans/factory/support/RootBeanDefinition;[Ljava/lang/Object;)Ljava/lang/Object;+169
j  org.springframework.beans.factory.support.AbstractBeanFactory$1.getObject()Ljava/lang/Object;+16
j  org.springframework.beans.factory.support.DefaultSingletonBeanRegistry.getSingleton(Ljava/lang/String;Lorg/springframework/beans/factory/ObjectFactory;)Ljava/lang/Object;+132
J 2297 C1 org.springframework.beans.factory.support.AbstractBeanFactory.doGetBean(Ljava/lang/String;Ljava/lang/Class;[Ljava/lang/Object;Z)Ljava/lang/Object; (727 bytes) @ 0x0000000002e4692c [0x0000000002e44e20+0x1b0c]
j  org.springframework.beans.factory.support.AbstractBeanFactory.getBean(Ljava/lang/String;)Ljava/lang/Object;+5
j  org.springframework.context.support.AbstractApplicationContext.getBean(Ljava/lang/String;)Ljava/lang/Object;+9
j  org.springframework.context.support.AbstractApplicationContext.finishBeanFactoryInitialization(Lorg/springframework/beans/factory/config/ConfigurableListableBeanFactory;)V+102
j  org.springframework.context.support.AbstractApplicationContext.refresh()V+54
j  org.springframework.boot.SpringApplication.refresh(Lorg/springframework/context/ApplicationContext;)V+10
j  org.springframework.boot.SpringApplication.refreshContext(Lorg/springframework/context/ConfigurableApplicationContext;)V+2
j  org.springframework.boot.SpringApplication.run([Ljava/lang/String;)Lorg/springframework/context/ConfigurableApplicationContext;+91
j  org.springframework.boot.test.context.SpringBootContextLoader.loadContext(Lorg/springframework/test/context/MergedContextConfiguration;)Lorg/springframework/context/ApplicationContext;+161
j  org.springframework.test.context.cache.DefaultCacheAwareContextLoaderDelegate.loadContextInternal(Lorg/springframework/test/context/MergedContextConfiguration;)Lorg/springframework/context/ApplicationContext;+27
j  org.springframework.test.context.cache.DefaultCacheAwareContextLoaderDelegate.loadContext(Lorg/springframework/test/context/MergedContextConfiguration;)Lorg/springframework/context/ApplicationContext;+24
j  org.springframework.test.context.support.DefaultTestContext.getApplicationContext()Lorg/springframework/context/ApplicationContext;+8
j  org.springframework.test.context.web.ServletTestExecutionListener.setUpRequestContextIfNecessary(Lorg/springframework/test/context/TestContext;)V+18
j  org.springframework.test.context.web.ServletTestExecutionListener.prepareTestInstance(Lorg/springframework/test/context/TestContext;)V+2
j  org.springframework.test.context.TestContextManager.prepareTestInstance(Ljava/lang/Object;)V+95
j  org.springframework.test.context.junit4.SpringJUnit4ClassRunner.createTest()Ljava/lang/Object;+10
j  org.springframework.test.context.junit4.SpringJUnit4ClassRunner$1.runReflectiveCall()Ljava/lang/Object;+4
j  org.junit.internal.runners.model.ReflectiveCallable.run()Ljava/lang/Object;+1
j  org.springframework.test.context.junit4.SpringJUnit4ClassRunner.methodBlock(Lorg/junit/runners/model/FrameworkMethod;)Lorg/junit/runners/model/Statement;+8
j  org.springframework.test.context.junit4.SpringJUnit4ClassRunner.runChild(Lorg/junit/runners/model/FrameworkMethod;Lorg/junit/runner/notification/RunNotifier;)V+24
j  org.springframework.test.context.junit4.SpringJUnit4ClassRunner.runChild(Ljava/lang/Object;Lorg/junit/runner/notification/RunNotifier;)V+6
j  org.junit.runners.ParentRunner$3.run()V+12
j  org.junit.runners.ParentRunner$1.schedule(Ljava/lang/Runnable;)V+1
j  org.junit.runners.ParentRunner.runChildren(Lorg/junit/runner/notification/RunNotifier;)V+44
j  org.junit.runners.ParentRunner.access$000(Lorg/junit/runners/ParentRunner;Lorg/junit/runner/notification/RunNotifier;)V+2
j  org.junit.runners.ParentRunner$2.evaluate()V+8
j  org.springframework.test.context.junit4.statements.RunBeforeTestClassCallbacks.evaluate()V+11
j  org.springframework.test.context.junit4.statements.RunAfterTestClassCallbacks.evaluate()V+12
j  org.junit.runners.ParentRunner.run(Lorg/junit/runner/notification/RunNotifier;)V+20
j  org.springframework.test.context.junit4.SpringJUnit4ClassRunner.run(Lorg/junit/runner/notification/RunNotifier;)V+24
j  org.gradle.api.internal.tasks.testing.junit.JUnitTestClassExecuter.runTestClass(Ljava/lang/String;)V+256
j  org.gradle.api.internal.tasks.testing.junit.JUnitTestClassExecuter.execute(Ljava/lang/String;)V+14
j  org.gradle.api.internal.tasks.testing.junit.JUnitTestClassProcessor.processTestClass(Lorg/gradle/api/internal/tasks/testing/TestClassRunInfo;)V+26
j  org.gradle.api.internal.tasks.testing.SuiteTestClassProcessor.processTestClass(Lorg/gradle/api/internal/tasks/testing/TestClassRunInfo;)V+5
v  ~StubRoutines::call_stub
j  sun.reflect.NativeMethodAccessorImpl.invoke0(Ljava/lang/reflect/Method;Ljava/lang/Object;[Ljava/lang/Object;)Ljava/lang/Object;+0
j  sun.reflect.NativeMethodAccessorImpl.invoke(Ljava/lang/Object;[Ljava/lang/Object;)Ljava/lang/Object;+100
j  sun.reflect.DelegatingMethodAccessorImpl.invoke(Ljava/lang/Object;[Ljava/lang/Object;)Ljava/lang/Object;+6
j  java.lang.reflect.Method.invoke(Ljava/lang/Object;[Ljava/lang/Object;)Ljava/lang/Object;+56
j  org.gradle.messaging.dispatch.ReflectionDispatch.dispatch(Lorg/gradle/messaging/dispatch/MethodInvocation;)V+19
j  org.gradle.messaging.dispatch.ReflectionDispatch.dispatch(Ljava/lang/Object;)V+5
j  org.gradle.messaging.dispatch.ContextClassLoaderDispatch.dispatch(Ljava/lang/Object;)V+22
j  org.gradle.messaging.dispatch.ProxyDispatchAdapter$DispatchingInvocationHandler.invoke(Ljava/lang/Object;Ljava/lang/reflect/Method;[Ljava/lang/Object;)Ljava/lang/Object;+172
j  com.sun.proxy.$Proxy2.processTestClass(Lorg/gradle/api/internal/tasks/testing/TestClassRunInfo;)V+16
j  org.gradle.api.internal.tasks.testing.worker.TestWorker.processTestClass(Lorg/gradle/api/internal/tasks/testing/TestClassRunInfo;)V+13
v  ~StubRoutines::call_stub
j  sun.reflect.NativeMethodAccessorImpl.invoke0(Ljava/lang/reflect/Method;Ljava/lang/Object;[Ljava/lang/Object;)Ljava/lang/Object;+0
j  sun.reflect.NativeMethodAccessorImpl.invoke(Ljava/lang/Object;[Ljava/lang/Object;)Ljava/lang/Object;+100
j  sun.reflect.DelegatingMethodAccessorImpl.invoke(Ljava/lang/Object;[Ljava/lang/Object;)Ljava/lang/Object;+6
j  java.lang.reflect.Method.invoke(Ljava/lang/Object;[Ljava/lang/Object;)Ljava/lang/Object;+56
j  org.gradle.messaging.dispatch.ReflectionDispatch.dispatch(Lorg/gradle/messaging/dispatch/MethodInvocation;)V+19
j  org.gradle.messaging.dispatch.ReflectionDispatch.dispatch(Ljava/lang/Object;)V+5
j  org.gradle.messaging.remote.internal.hub.MessageHub$Handler.run()V+165
j  org.gradle.internal.concurrent.ExecutorPolicy$CatchAndRecordFailures.onExecute(Ljava/lang/Runnable;)V+1
j  org.gradle.internal.concurrent.StoppableExecutorImpl$1.run()V+25
j  java.util.concurrent.ThreadPoolExecutor.runWorker(Ljava/util/concurrent/ThreadPoolExecutor$Worker;)V+95
j  java.util.concurrent.ThreadPoolExecutor$Worker.run()V+5
j  java.lang.Thread.run()V+11
v  ~StubRoutines::call_stub

---------------  P R O C E S S  ---------------

Java Threads: ( => current thread )
  0x0000000022831800 JavaThread "Tomcat JDBC Pool Cleaner[1550089733:1486632845705]" daemon [_thread_blocked, id=10888, stack(0x0000000020bb0000,0x0000000020cb0000)]
  0x000000001b5d2800 JavaThread "/127.0.0.1:34499 to /127.0.0.1:34498 workers Thread 3" [_thread_in_native, id=4180, stack(0x00000000127c0000,0x00000000128c0000)]
  0x000000001b33c000 JavaThread "/127.0.0.1:34499 to /127.0.0.1:34498 workers Thread 2" [_thread_blocked, id=5212, stack(0x000000001c5b0000,0x000000001c6b0000)]
=>0x000000001b26f000 JavaThread "Test worker" [_thread_in_vm, id=6852, stack(0x000000001c240000,0x000000001c340000)]
  0x00000000189d7000 JavaThread "Service Thread" daemon [_thread_blocked, id=2440, stack(0x000000001a6c0000,0x000000001a7c0000)]
  0x0000000018942800 JavaThread "C1 CompilerThread3" daemon [_thread_blocked, id=3744, stack(0x000000001a490000,0x000000001a590000)]
  0x0000000018941800 JavaThread "C2 CompilerThread2" daemon [_thread_in_native, id=6152, stack(0x000000001a240000,0x000000001a340000)]
  0x0000000018936000 JavaThread "C2 CompilerThread1" daemon [_thread_in_native, id=10268, stack(0x000000001a060000,0x000000001a160000)]
  0x0000000018930000 JavaThread "C2 CompilerThread0" daemon [_thread_blocked, id=10708, stack(0x0000000019d00000,0x0000000019e00000)]
  0x000000001891a800 JavaThread "Attach Listener" daemon [_thread_blocked, id=9284, stack(0x0000000019e40000,0x0000000019f40000)]
  0x0000000018919800 JavaThread "Signal Dispatcher" daemon [_thread_blocked, id=10608, stack(0x0000000019810000,0x0000000019910000)]
  0x000000001772f800 JavaThread "Finalizer" daemon [_thread_blocked, id=5604, stack(0x0000000019bb0000,0x0000000019cb0000)]
  0x00000000188a3800 JavaThread "Reference Handler" daemon [_thread_blocked, id=10460, stack(0x0000000019a30000,0x0000000019b30000)]
  0x0000000001eef000 JavaThread "main" [_thread_blocked, id=7256, stack(0x00000000021f0000,0x00000000022f0000)]

Other Threads:
  0x0000000001ebf800 VMThread [stack: 0x0000000019930000,0x0000000019a30000] [id=4496]
  0x0000000018aa4800 WatcherThread [stack: 0x000000001a590000,0x000000001a690000] [id=10544]

VM state:not at safepoint (normal execution)

VM Mutex/Monitor currently owned by a thread: None

Heap:
 PSYoungGen      total 247296K, used 13045K [0x00000000d5b00000, 0x00000000efe80000, 0x0000000100000000)
  eden space 231936K, 5% used [0x00000000d5b00000,0x00000000d67bd498,0x00000000e3d80000)
  from space 15360K, 0% used [0x00000000e3d80000,0x00000000e3d80000,0x00000000e4c80000)
  to   space 17408K, 0% used [0x00000000eed80000,0x00000000eed80000,0x00000000efe80000)
 ParOldGen       total 81920K, used 23099K [0x0000000081000000, 0x0000000086000000, 0x00000000d5b00000)
  object space 81920K, 28% used [0x0000000081000000,0x000000008268ecd0,0x0000000086000000)
 Metaspace       used 36168K, capacity 36616K, committed 37080K, reserved 1081344K
  class space    used 4743K, capacity 4864K, committed 4864K, reserved 1048576K

Card table byte_map: [0x0000000011980000,0x0000000011d80000] byte_map_base: 0x0000000011578000

Marking Bits: (ParMarkBitMap*) 0x000000006fd7b6d0
 Begin Bits: [0x00000000129c0000, 0x0000000014980000)
 End Bits:   [0x0000000014980000, 0x0000000016940000)

Polling page: 0x0000000000450000

CodeCache: size=245760Kb used=15246Kb max_used=15246Kb free=230513Kb
 bounds [0x00000000025c0000, 0x00000000034b0000, 0x00000000115c0000]
 total_blobs=4230 nmethods=3779 adapters=363
 compilation: enabled

Compilation events (10 events):
Event: 4.818 Thread 0x0000000018942800 3799       3       sun.security.jca.GetInstance::checkSuperClass (68 bytes)
Event: 4.818 Thread 0x0000000018942800 nmethod 3799 0x0000000003497f50 code [0x00000000034981a0, 0x00000000034990e8]
Event: 4.818 Thread 0x0000000018942800 3797       3       java.util.regex.Pattern::closure (477 bytes)
Event: 4.821 Thread 0x0000000018942800 nmethod 3797 0x00000000034a7790 code [0x00000000034a7de0, 0x00000000034abce8]
Event: 4.824 Thread 0x0000000018942800 3800       3       com.sun.crypto.provider.AESCrypt::mul4 (181 bytes)
Event: 4.825 Thread 0x0000000018942800 nmethod 3800 0x0000000003496a90 code [0x0000000003496ca0, 0x0000000003497690]
Event: 4.829 Thread 0x0000000018942800 3801   !   3       sun.reflect.GeneratedConstructorAccessor32::newInstance (49 bytes)
Event: 4.829 Thread 0x0000000018942800 nmethod 3801 0x00000000034ae550 code [0x00000000034ae720, 0x00000000034aec88]
Event: 4.831 Thread 0x0000000018942800 3802       1       sun.security.jca.ProviderList::access$100 (5 bytes)
Event: 4.832 Thread 0x0000000018942800 nmethod 3802 0x0000000003493850 code [0x00000000034939a0, 0x0000000003493a90]

GC Heap History (10 events):
Event: 1.599 GC heap before
{Heap before GC invocations=5 (full 1):
 PSYoungGen      total 138240K, used 5097K [0x00000000d5b00000, 0x00000000de700000, 0x0000000100000000)
  eden space 133120K, 0% used [0x00000000d5b00000,0x00000000d5b00000,0x00000000ddd00000)
  from space 5120K, 99% used [0x00000000de200000,0x00000000de6fa498,0x00000000de700000)
  to   space 5120K, 0% used [0x00000000ddd00000,0x00000000ddd00000,0x00000000de200000)
 ParOldGen       total 87552K, used 10325K [0x0000000081000000, 0x0000000086580000, 0x00000000d5b00000)
  object space 87552K, 11% used [0x0000000081000000,0x0000000081a157d0,0x0000000086580000)
 Metaspace       used 20855K, capacity 21110K, committed 21248K, reserved 1067008K
  class space    used 2686K, capacity 2759K, committed 2816K, reserved 1048576K
Event: 1.626 GC heap after
Heap after GC invocations=5 (full 1):
 PSYoungGen      total 138240K, used 0K [0x00000000d5b00000, 0x00000000de700000, 0x0000000100000000)
  eden space 133120K, 0% used [0x00000000d5b00000,0x00000000d5b00000,0x00000000ddd00000)
  from space 5120K, 0% used [0x00000000de200000,0x00000000de200000,0x00000000de700000)
  to   space 5120K, 0% used [0x00000000ddd00000,0x00000000ddd00000,0x00000000de200000)
 ParOldGen       total 56832K, used 9011K [0x0000000081000000, 0x0000000084780000, 0x00000000d5b00000)
  object space 56832K, 15% used [0x0000000081000000,0x00000000818ccf18,0x0000000084780000)
 Metaspace       used 20855K, capacity 21110K, committed 21248K, reserved 1067008K
  class space    used 2686K, capacity 2759K, committed 2816K, reserved 1048576K
}
Event: 2.151 GC heap before
{Heap before GC invocations=6 (full 1):
 PSYoungGen      total 138240K, used 133120K [0x00000000d5b00000, 0x00000000de700000, 0x0000000100000000)
  eden space 133120K, 100% used [0x00000000d5b00000,0x00000000ddd00000,0x00000000ddd00000)
  from space 5120K, 0% used [0x00000000de200000,0x00000000de200000,0x00000000de700000)
  to   space 5120K, 0% used [0x00000000ddd00000,0x00000000ddd00000,0x00000000de200000)
 ParOldGen       total 56832K, used 9011K [0x0000000081000000, 0x0000000084780000, 0x00000000d5b00000)
  object space 56832K, 15% used [0x0000000081000000,0x00000000818ccf18,0x0000000084780000)
 Metaspace       used 23839K, capacity 24182K, committed 24448K, reserved 1071104K
  class space    used 3040K, capacity 3134K, committed 3200K, reserved 1048576K
Event: 2.157 GC heap after
Heap after GC invocations=6 (full 1):
 PSYoungGen      total 138240K, used 5114K [0x00000000d5b00000, 0x00000000e5880000, 0x0000000100000000)
  eden space 133120K, 0% used [0x00000000d5b00000,0x00000000d5b00000,0x00000000ddd00000)
  from space 5120K, 99% used [0x00000000ddd00000,0x00000000de1feb18,0x00000000de200000)
  to   space 12288K, 0% used [0x00000000e4c80000,0x00000000e4c80000,0x00000000e5880000)
 ParOldGen       total 56832K, used 10547K [0x0000000081000000, 0x0000000084780000, 0x00000000d5b00000)
  object space 56832K, 18% used [0x0000000081000000,0x0000000081a4cc88,0x0000000084780000)
 Metaspace       used 23839K, capacity 24182K, committed 24448K, reserved 1071104K
  class space    used 3040K, capacity 3134K, committed 3200K, reserved 1048576K
}
Event: 3.048 GC heap before
{Heap before GC invocations=7 (full 1):
 PSYoungGen      total 138240K, used 138234K [0x00000000d5b00000, 0x00000000e5880000, 0x0000000100000000)
  eden space 133120K, 100% used [0x00000000d5b00000,0x00000000ddd00000,0x00000000ddd00000)
  from space 5120K, 99% used [0x00000000ddd00000,0x00000000de1feb18,0x00000000de200000)
  to   space 12288K, 0% used [0x00000000e4c80000,0x00000000e4c80000,0x00000000e5880000)
 ParOldGen       total 56832K, used 10547K [0x0000000081000000, 0x0000000084780000, 0x00000000d5b00000)
  object space 56832K, 18% used [0x0000000081000000,0x0000000081a4cc88,0x0000000084780000)
 Metaspace       used 26475K, capacity 26900K, committed 27136K, reserved 1073152K
  class space    used 3423K, capacity 3523K, committed 3584K, reserved 1048576K
Event: 3.084 GC heap after
Heap after GC invocations=7 (full 1):
 PSYoungGen      total 244224K, used 12264K [0x00000000d5b00000, 0x00000000e5c80000, 0x0000000100000000)
  eden space 231936K, 0% used [0x00000000d5b00000,0x00000000d5b00000,0x00000000e3d80000)
  from space 12288K, 99% used [0x00000000e4c80000,0x00000000e587a2e8,0x00000000e5880000)
  to   space 15360K, 0% used [0x00000000e3d80000,0x00000000e3d80000,0x00000000e4c80000)
 ParOldGen       total 56832K, used 11997K [0x0000000081000000, 0x0000000084780000, 0x00000000d5b00000)
  object space 56832K, 21% used [0x0000000081000000,0x0000000081bb7530,0x0000000084780000)
 Metaspace       used 26475K, capacity 26900K, committed 27136K, reserved 1073152K
  class space    used 3423K, capacity 3523K, committed 3584K, reserved 1048576K
}
Event: 4.533 GC heap before
{Heap before GC invocations=8 (full 1):
 PSYoungGen      total 244224K, used 202117K [0x00000000d5b00000, 0x00000000e5c80000, 0x0000000100000000)
  eden space 231936K, 81% used [0x00000000d5b00000,0x00000000e14672d8,0x00000000e3d80000)
  from space 12288K, 99% used [0x00000000e4c80000,0x00000000e587a2e8,0x00000000e5880000)
  to   space 15360K, 0% used [0x00000000e3d80000,0x00000000e3d80000,0x00000000e4c80000)
 ParOldGen       total 56832K, used 11997K [0x0000000081000000, 0x0000000084780000, 0x00000000d5b00000)
  object space 56832K, 21% used [0x0000000081000000,0x0000000081bb7530,0x0000000084780000)
 Metaspace       used 34718K, capacity 35136K, committed 35416K, reserved 1079296K
  class space    used 4573K, capacity 4693K, committed 4736K, reserved 1048576K
Event: 4.544 GC heap after
Heap after GC invocations=8 (full 1):
 PSYoungGen      total 247296K, used 14735K [0x00000000d5b00000, 0x00000000efe80000, 0x0000000100000000)
  eden space 231936K, 0% used [0x00000000d5b00000,0x00000000d5b00000,0x00000000e3d80000)
  from space 15360K, 95% used [0x00000000e3d80000,0x00000000e4be3ec0,0x00000000e4c80000)
  to   space 17408K, 0% used [0x00000000eed80000,0x00000000eed80000,0x00000000efe80000)
 ParOldGen       total 56832K, used 12005K [0x0000000081000000, 0x0000000084780000, 0x00000000d5b00000)
  object space 56832K, 21% used [0x0000000081000000,0x0000000081bb9530,0x0000000084780000)
 Metaspace       used 34718K, capacity 35136K, committed 35416K, reserved 1079296K
  class space    used 4573K, capacity 4693K, committed 4736K, reserved 1048576K
}
Event: 4.544 GC heap before
{Heap before GC invocations=9 (full 2):
 PSYoungGen      total 247296K, used 14735K [0x00000000d5b00000, 0x00000000efe80000, 0x0000000100000000)
  eden space 231936K, 0% used [0x00000000d5b00000,0x00000000d5b00000,0x00000000e3d80000)
  from space 15360K, 95% used [0x00000000e3d80000,0x00000000e4be3ec0,0x00000000e4c80000)
  to   space 17408K, 0% used [0x00000000eed80000,0x00000000eed80000,0x00000000efe80000)
 ParOldGen       total 56832K, used 12005K [0x0000000081000000, 0x0000000084780000, 0x00000000d5b00000)
  object space 56832K, 21% used [0x0000000081000000,0x0000000081bb9530,0x0000000084780000)
 Metaspace       used 34718K, capacity 35136K, committed 35416K, reserved 1079296K
  class space    used 4573K, capacity 4693K, committed 4736K, reserved 1048576K
Event: 4.596 GC heap after
Heap after GC invocations=9 (full 2):
 PSYoungGen      total 247296K, used 0K [0x00000000d5b00000, 0x00000000efe80000, 0x0000000100000000)
  eden space 231936K, 0% used [0x00000000d5b00000,0x00000000d5b00000,0x00000000e3d80000)
  from space 15360K, 0% used [0x00000000e3d80000,0x00000000e3d80000,0x00000000e4c80000)
  to   space 17408K, 0% used [0x00000000eed80000,0x00000000eed80000,0x00000000efe80000)
 ParOldGen       total 81920K, used 23099K [0x0000000081000000, 0x0000000086000000, 0x00000000d5b00000)
  object space 81920K, 28% used [0x0000000081000000,0x000000008268ecd0,0x0000000086000000)
 Metaspace       used 34718K, capacity 35136K, committed 35416K, reserved 1079296K
  class space    used 4573K, capacity 4693K, committed 4736K, reserved 1048576K
}

Deoptimization events (10 events):
Event: 4.605 Thread 0x000000001b26f000 Uncommon trap: reason=unstable_if action=reinterpret pc=0x00000000033cff1c method=java.math.BigInteger.addOne([IIII)I @ 55
Event: 4.618 Thread 0x000000001b26f000 Uncommon trap: reason=class_check action=maybe_recompile pc=0x0000000002e59f38 method=java.util.regex.Pattern$Curly.match0(Ljava/util/regex/Matcher;IILjava/lang/CharSequence;)Z @ 77
Event: 4.624 Thread 0x000000001b26f000 Uncommon trap: reason=unstable_if action=reinterpret pc=0x00000000026e1c74 method=java.lang.String.regionMatches(ZILjava/lang/String;II)Z @ 123
Event: 4.624 Thread 0x000000001b26f000 Uncommon trap: reason=unstable_if action=reinterpret pc=0x00000000029823d0 method=java.lang.String.regionMatches(ZILjava/lang/String;II)Z @ 123
Event: 4.720 Thread 0x000000001b26f000 Uncommon trap: reason=null_check action=make_not_entrant pc=0x0000000003415294 method=java.net.URL.getURLStreamHandler(Ljava/lang/String;)Ljava/net/URLStreamHandler; @ 7
Event: 4.799 Thread 0x000000001b26f000 Uncommon trap: reason=bimorphic action=maybe_recompile pc=0x0000000002eb34fc method=java.util.regex.Matcher.match(II)Z @ 86
Event: 4.813 Thread 0x000000001b26f000 Uncommon trap: reason=bimorphic action=maybe_recompile pc=0x0000000002eb34fc method=java.util.regex.Matcher.match(II)Z @ 86
Event: 4.813 Thread 0x000000001b26f000 Uncommon trap: reason=bimorphic action=maybe_recompile pc=0x0000000002eb34fc method=java.util.regex.Matcher.match(II)Z @ 86
Event: 4.813 Thread 0x000000001b26f000 Uncommon trap: reason=bimorphic action=maybe_recompile pc=0x0000000002eb34fc method=java.util.regex.Matcher.match(II)Z @ 86
Event: 4.813 Thread 0x000000001b26f000 Uncommon trap: reason=bimorphic action=maybe_recompile pc=0x0000000002e8f6b8 method=java.util.regex.Matcher.match(II)Z @ 86

Internal exceptions (10 events):
Event: 4.218 Thread 0x000000001b26f000 Exception <a 'java/lang/ClassNotFoundException': org/springframework/beans/factory/FactoryBeanCustomizer> (0x00000000df02f3c8) thrown at [C:\re\workspace\8-2-build-windows-amd64-cygwin\jdk8u121\8372\hotspot\src\share\vm\classfile\systemDictionary.cpp, lin
Event: 4.218 Thread 0x000000001b26f000 Exception <a 'java/lang/ClassNotFoundException': org/springframework/beans/factory/BeanClassLoaderAwareCustomizer> (0x00000000df0583b8) thrown at [C:\re\workspace\8-2-build-windows-amd64-cygwin\jdk8u121\8372\hotspot\src\share\vm\classfile\systemDictionary
Event: 4.219 Thread 0x000000001b26f000 Exception <a 'java/lang/ClassNotFoundException': org/springframework/beans/factory/BeanFactoryAwareCustomizer> (0x00000000df07c9e0) thrown at [C:\re\workspace\8-2-build-windows-amd64-cygwin\jdk8u121\8372\hotspot\src\share\vm\classfile\systemDictionary.cpp
Event: 4.219 Thread 0x000000001b26f000 Exception <a 'java/lang/ClassNotFoundException': org/springframework/beans/factory/BeanNameAwareCustomizer> (0x00000000df09fc60) thrown at [C:\re\workspace\8-2-build-windows-amd64-cygwin\jdk8u121\8372\hotspot\src\share\vm\classfile\systemDictionary.cpp, l
Event: 4.220 Thread 0x000000001b26f000 Exception <a 'java/lang/ClassNotFoundException': org/springframework/beans/factory/InitializingBeanCustomizer> (0x00000000df0c41a8) thrown at [C:\re\workspace\8-2-build-windows-amd64-cygwin\jdk8u121\8372\hotspot\src\share\vm\classfile\systemDictionary.cpp
Event: 4.220 Thread 0x000000001b26f000 Exception <a 'java/lang/ClassNotFoundException': org/springframework/beans/factory/DisposableBeanCustomizer> (0x00000000df0e6640) thrown at [C:\re\workspace\8-2-build-windows-amd64-cygwin\jdk8u121\8372\hotspot\src\share\vm\classfile\systemDictionary.cpp, 
Event: 4.221 Thread 0x000000001b26f000 Exception <a 'java/lang/ClassNotFoundException': org/springframework/orm/jpa/EntityManagerFactoryInfoCustomizer> (0x00000000df10acd8) thrown at [C:\re\workspace\8-2-build-windows-amd64-cygwin\jdk8u121\8372\hotspot\src\share\vm\classfile\systemDictionary.c
Event: 4.221 Thread 0x000000001b26f000 Exception <a 'java/lang/ClassNotFoundException': org/springframework/dao/support/PersistenceExceptionTranslatorCustomizer> (0x00000000df13cd20) thrown at [C:\re\workspace\8-2-build-windows-amd64-cygwin\jdk8u121\8372\hotspot\src\share\vm\classfile\systemDi
Event: 4.222 Thread 0x000000001b26f000 Exception <a 'java/lang/ClassNotFoundException': java/io/SerializableCustomizer> (0x00000000df1496d0) thrown at [C:\re\workspace\8-2-build-windows-amd64-cygwin\jdk8u121\8372\hotspot\src\share\vm\classfile\systemDictionary.cpp, line 210]
Event: 4.720 Thread 0x000000001b26f000 Implicit null exception at 0x000000000341326f to 0x0000000003415289

Events (10 events):
Event: 4.829 loading class com/sun/crypto/provider/HmacCore
Event: 4.829 loading class com/sun/crypto/provider/HmacCore done
Event: 4.829 loading class javax/crypto/MacSpi
Event: 4.829 loading class javax/crypto/MacSpi done
Event: 4.832 loading class sun/security/ssl/CipherBox$1
Event: 4.832 loading class sun/security/ssl/CipherBox$1 done
Event: 4.832 loading class java/lang/StrictMath
Event: 4.832 loading class java/lang/StrictMath done
Event: 4.833 loading class java/lang/ClassLoaderHelper
Event: 4.833 loading class java/lang/ClassLoaderHelper done


Dynamic libraries:
0x000000013f040000 - 0x000000013f077000 	C:\Program Files\Java\jdk1.8.0_121\bin\java.exe
0x00000000779c0000 - 0x0000000077b6a000 	C:\windows\SYSTEM32\ntdll.dll
0x00000000778a0000 - 0x00000000779bf000 	C:\windows\system32\kernel32.dll
0x000007fefda20000 - 0x000007fefda8a000 	C:\windows\system32\KERNELBASE.dll
0x000007fefdf40000 - 0x000007fefe01b000 	C:\windows\system32\ADVAPI32.dll
0x000007feffa00000 - 0x000007feffa9f000 	C:\windows\system32\msvcrt.dll
0x000007feff960000 - 0x000007feff97f000 	C:\windows\SYSTEM32\sechost.dll
0x000007feff830000 - 0x000007feff95d000 	C:\windows\system32\RPCRT4.dll
0x00000000777a0000 - 0x000000007789a000 	C:\windows\system32\USER32.dll
0x000007feff990000 - 0x000007feff9f7000 	C:\windows\system32\GDI32.dll
0x000007feff7a0000 - 0x000007feff7ae000 	C:\windows\system32\LPK.dll
0x000007feff420000 - 0x000007feff4ea000 	C:\windows\system32\USP10.dll
0x000007fefc190000 - 0x000007fefc384000 	C:\windows\WinSxS\amd64_microsoft.windows.common-controls_6595b64144ccf1df_6.0.7601.18837_none_fa3b1e3d17594757\COMCTL32.dll
0x000007feff540000 - 0x000007feff5b1000 	C:\windows\system32\SHLWAPI.dll
0x000007fefdb20000 - 0x000007fefdb4e000 	C:\windows\system32\IMM32.DLL
0x000007feff290000 - 0x000007feff399000 	C:\windows\system32\MSCTF.dll
0x000007fef6850000 - 0x000007fef68f7000 	C:\Program Files\McAfee\Host Intrusion Prevention\HcApi.dll
0x0000000073020000 - 0x000000007302b000 	C:\Program Files\McAfee\Host Intrusion Prevention\HcThe.dll
0x0000000055f10000 - 0x0000000055fe2000 	C:\Program Files\Java\jdk1.8.0_121\jre\bin\msvcr100.dll
0x000000006f560000 - 0x000000006fdfb000 	C:\Program Files\Java\jdk1.8.0_121\jre\bin\server\jvm.dll
0x000007fef8ee0000 - 0x000007fef8ee9000 	C:\windows\system32\WSOCK32.dll
0x000007feff4f0000 - 0x000007feff53d000 	C:\windows\system32\WS2_32.dll
0x000007feff980000 - 0x000007feff988000 	C:\windows\system32\NSI.dll
0x000007fefb830000 - 0x000007fefb86b000 	C:\windows\system32\WINMM.dll
0x000007fefc820000 - 0x000007fefc82c000 	C:\windows\system32\VERSION.dll
0x0000000077b80000 - 0x0000000077b87000 	C:\windows\system32\PSAPI.DLL
0x00000000706a0000 - 0x00000000706af000 	C:\Program Files\Java\jdk1.8.0_121\jre\bin\verify.dll
0x0000000070670000 - 0x0000000070699000 	C:\Program Files\Java\jdk1.8.0_121\jre\bin\java.dll
0x0000000067310000 - 0x0000000067326000 	C:\Program Files\Java\jdk1.8.0_121\jre\bin\zip.dll
0x000007fefe500000 - 0x000007feff28a000 	C:\windows\system32\SHELL32.dll
0x000007fefe2f0000 - 0x000007fefe4f3000 	C:\windows\system32\ole32.dll
0x000007fefd760000 - 0x000007fefd76f000 	C:\windows\system32\profapi.dll
0x0000000002060000 - 0x000000000207a000 	C:\Program Files\Java\jdk1.8.0_121\jre\bin\net.dll
0x000007fefcf00000 - 0x000007fefcf55000 	C:\windows\system32\mswsock.dll
0x000007fefcef0000 - 0x000007fefcef7000 	C:\windows\System32\wship6.dll
0x000000005db60000 - 0x000000005db71000 	C:\Program Files\Java\jdk1.8.0_121\jre\bin\nio.dll
0x000007fefada0000 - 0x000007fefadb2000 	C:\Users\chakrapa\.gradle\native\19\windows-amd64\native-platform.dll
0x000007fefcf60000 - 0x000007fefcf78000 	C:\windows\system32\CRYPTSP.dll
0x000007fefcc60000 - 0x000007fefcca7000 	C:\windows\system32\rsaenh.dll
0x000007fefd9f0000 - 0x000007fefda0e000 	C:\windows\system32\USERENV.dll
0x000007fefd600000 - 0x000007fefd60f000 	C:\windows\system32\CRYPTBASE.dll
0x000007fefa1c0000 - 0x000007fefa1e7000 	C:\windows\system32\IPHLPAPI.DLL
0x000007fefa1b0000 - 0x000007fefa1bb000 	C:\windows\system32\WINNSI.DLL
0x000007fef9f50000 - 0x000007fef9f68000 	C:\windows\system32\dhcpcsvc.DLL
0x000007fef9f30000 - 0x000007fef9f41000 	C:\windows\system32\dhcpcsvc6.DLL
0x00000000706f0000 - 0x00000000706fd000 	C:\Program Files\Java\jdk1.8.0_121\jre\bin\management.dll
0x000007fefad80000 - 0x000007fefad95000 	C:\windows\system32\NLAapi.dll
0x000007fef8ad0000 - 0x000007fef8ae5000 	C:\windows\system32\napinsp.dll
0x000007fef8ab0000 - 0x000007fef8ac9000 	C:\windows\system32\pnrpnsp.dll
0x000007fefcd80000 - 0x000007fefcddb000 	C:\windows\system32\DNSAPI.dll
0x000007fef8a80000 - 0x000007fef8a8b000 	C:\windows\System32\winrnr.dll
0x000007fefc8f0000 - 0x000007fefc8f7000 	C:\windows\System32\wshtcpip.dll
0x000007fef5450000 - 0x000007fef5458000 	C:\windows\system32\rasadhlp.dll
0x000007fefa030000 - 0x000007fefa083000 	C:\windows\System32\fwpuclnt.dll
0x0000000058cd0000 - 0x0000000058cf4000 	C:\Program Files\Java\jdk1.8.0_121\jre\bin\sunec.dll
0x000000005b7d0000 - 0x000000005b7db000 	C:\Program Files\Java\jdk1.8.0_121\jre\bin\sunmscapi.dll
0x000007fefd790000 - 0x000007fefd8fd000 	C:\windows\system32\CRYPT32.dll
0x000007fefd770000 - 0x000007fefd77f000 	C:\windows\system32\MSASN1.dll
0x0000000058c60000 - 0x0000000058c79000 	C:\Program Files\Java\jdk1.8.0_121\bin\sqljdbc_auth.dll
0x000007fefd4d0000 - 0x000007fefd4db000 	C:\windows\system32\secur32.dll
0x000007fefd530000 - 0x000007fefd555000 	C:\windows\system32\SSPICLI.DLL
0x000007fefcb60000 - 0x000007fefcb6a000 	C:\windows\system32\credssp.dll
0x000007fefcf80000 - 0x000007fefd038000 	C:\windows\system32\kerberos.DLL
0x000007fefd1e0000 - 0x000007fefd1f4000 	C:\windows\system32\cryptdll.dll
0x000007fefce90000 - 0x000007fefcee2000 	C:\windows\system32\msv1_0.DLL
0x000007fefb3e0000 - 0x000007fefb407000 	C:\windows\system32\ntdsapi.dll
0x000007fefab60000 - 0x000007fefac85000 	C:\windows\system32\dbghelp.dll

VM Arguments:
jvm_args: -Djava.security.manager=jarjar.org.gradle.process.internal.child.BootstrapSecurityManager -Dfile.encoding=windows-1252 -Duser.country=US -Duser.language=en -Duser.variant -ea 
java_command: jarjar.org.gradle.process.internal.launcher.GradleWorkerMain 'Gradle Test Executor 1'
java_class_path (initial): C:\Users\chakrapa\.gradle\caches\2.13\workerMain\gradle-worker.jar
Launcher Type: SUN_STANDARD

Environment Variables:
JAVA_HOME="C:\Program Files\Java\jdk1.8.0_121"
PATH=C:/Program Files/Java/jre1.8.0_121/bin/server;C:/Program Files/Java/jre1.8.0_121/bin;C:/Program Files/Java/jre1.8.0_121/lib/amd64;C:\Program Files\RA2HP\;C:\ProgramData\Oracle\Java\javapath;C:\windows\system32;C:\windows;C:\windows\System32\Wbem;C:\windows\System32\WindowsPowerShell\v1.0\;C:\Program Files (x86)\Windows Kits\8.1\Windows Performance Toolkit\;C:\Program Files\Microsoft SQL Server\110\Tools\Binn\;C:\Program Files (x86)\Microsoft SQL Server\100\Tools\Binn\;C:\Program Files\Microsoft SQL Server\100\Tools\Binn\;C:\Program Files\Microsoft SQL Server\100\DTS\Binn\;C:\Program Files (x86)\Microsoft SQL Server\100\Tools\Binn\VSShell\Common7\IDE\;C:\Program Files (x86)\Microsoft Visual Studio 9.0\Common7\IDE\PrivateAssemblies\;C:\Program Files (x86)\Microsoft SQL Server\100\DTS\Binn\;C:\eclipse;
USERNAME=chakrapa
OS=Windows_NT
PROCESSOR_IDENTIFIER=Intel64 Family 6 Model 58 Stepping 9, GenuineIntel



---------------  S Y S T E M  ---------------

OS: Windows 7 , 64 bit Build 7601 (6.1.7601.23392)

CPU:total 8 (4 cores per cpu, 2 threads per core) family 6 model 58 stepping 9, cmov, cx8, fxsr, mmx, sse, sse2, sse3, ssse3, sse4.1, sse4.2, popcnt, avx, aes, clmul, erms, ht, tsc, tscinvbit, tscinv

Memory: 4k page, physical 8318368k(3408948k free), swap 16634880k(10194324k free)

vm_info: Java HotSpot(TM) 64-Bit Server VM (25.121-b13) for windows-amd64 JRE (1.8.0_121-b13), built on Dec 12 2016 18:21:36 by "java_re" with MS VC++ 10.0 (VS2010)

time: Thu Feb 09 15:04:06 2017
elapsed time: 4 seconds (0d 0h 0m 4s)

